   0  $accept : Program $end

   1  Program : ClassList

   2  ClassList : ClassList ClassDef
   3            | ClassDef

   4  VariableDef : Variable ';'

   5  Variable : Type IDENTIFIER

   6  Type : INT
   7       | VOID
   8       | BOOL
   9       | STRING
  10       | CLASS IDENTIFIER
  11       | Type '[' ']'

  12  ClassDef : SealedOpt CLASS IDENTIFIER ExtendsClause '{' FieldList '}'

  13  SealedOpt : SEALED
  14            |

  15  ExtendsClause : EXTENDS IDENTIFIER
  16                |

  17  FieldList : FieldList VariableDef
  18            | FieldList FunctionDef
  19            |

  20  Formals : VariableList
  21          |

  22  VariableList : VariableList ',' Variable
  23               | Variable

  24  FunctionDef : STATIC Type IDENTIFIER '(' Formals ')' StmtBlock
  25              | Type IDENTIFIER '(' Formals ')' StmtBlock

  26  StmtBlock : '{' StmtList '}'

  27  StmtList : StmtList Stmt
  28           |

  29  Stmt : VariableDef
  30       | SimpleStmt ';'
  31       | IfStmt
  32       | WhileStmt
  33       | ForStmt
  34       | ReturnStmt ';'
  35       | PrintStmt ';'
  36       | BreakStmt ';'
  37       | StmtBlock
  38       | OCStmt ';'
  39       | GuardedStmt
  40       | ForeachStmt

  41  AttachedStmt : VariableDef
  42               | SimpleStmt ';'
  43               | IfStmt
  44               | WhileStmt
  45               | ForStmt
  46               | ReturnStmt ';'
  47               | PrintStmt ';'
  48               | BreakStmt ';'
  49               | OCStmt ';'
  50               | GuardedStmt
  51               | ForeachStmt

  52  AttachedStmtBlock : '{' StmtList '}'
  53                    | AttachedStmt

  54  ForeachStmt : FOREACH '(' BoundVariable IN Expr whileExpr ')' AttachedStmtBlock

  55  BoundVariable : VAR IDENTIFIER
  56                | Type IDENTIFIER

  57  whileExpr : WHILE Expr
  58            |

  59  GuardedStmt : IF '{' GuardedCont '}'

  60  GuardedCont : IfBranchs IfSubStmt
  61              |

  62  IfBranchs : IfBranchs IfBranch
  63            |

  64  IfBranch : IfSubStmt TOR

  65  IfSubStmt : Expr ':' Stmt

  66  OCStmt : SCOPY '(' IDENTIFIER ',' Expr ')'

  67  SimpleStmt : LValue '=' Expr
  68             | Call
  69             |

  70  Receiver : Expr '.'
  71           |

  72  LValue : Receiver IDENTIFIER
  73         | Expr '[' Expr ']'
  74         | VAR IDENTIFIER

  75  Call : Receiver IDENTIFIER '(' Actuals ')'

  76  Expr : LValue
  77       | Call
  78       | Constant
  79       | Expr DADD Expr
  80       | Expr DMOD Expr
  81       | Expr '+' Expr
  82       | Expr '-' Expr
  83       | Expr '*' Expr
  84       | Expr '/' Expr
  85       | Expr '%' Expr
  86       | Expr EQUAL Expr
  87       | Expr NOT_EQUAL Expr
  88       | Expr '<' Expr
  89       | Expr '>' Expr
  90       | Expr LESS_EQUAL Expr
  91       | Expr GREATER_EQUAL Expr
  92       | Expr AND Expr
  93       | Expr OR Expr
  94       | '(' Expr ')'
  95       | '-' Expr
  96       | '!' Expr
  97       | READ_INTEGER '(' ')'
  98       | READ_LINE '(' ')'
  99       | THIS
 100       | NEW IDENTIFIER '(' ')'
 101       | NEW Type '[' Expr ']'
 102       | INSTANCEOF '(' Expr ',' IDENTIFIER ')'
 103       | '(' CLASS IDENTIFIER ')' Expr
 104       | Expr '[' Expr ':' Expr ']'
 105       | Expr '[' Expr ']' DEFAULT Expr
 106       | '[' Expr FOR IDENTIFIER IN Expr IfExpr ']'

 107  IfExpr : IF Expr

 108  $$1 :

 109  IfExpr : $$1

 110  Constant : LITERAL
 111           | NULL
 112           | ArrayConstant

 113  ArrayConstant : '[' Constants ']'
 114                | '[' ']'

 115  Constants : Constants ',' Constant
 116            | Constant

 117  Actuals : ExprList
 118          |

 119  ExprList : ExprList ',' Expr
 120           | Expr

 121  WhileStmt : WHILE '(' Expr ')' Stmt

 122  ForStmt : FOR '(' SimpleStmt ';' Expr ';' SimpleStmt ')' Stmt

 123  BreakStmt : BREAK

 124  IfStmt : IF '(' Expr ')' Stmt ElseClause

 125  ElseClause : ELSE Stmt
 126             |

 127  ReturnStmt : RETURN Expr
 128             | RETURN

 129  PrintStmt : PRINT '(' ExprList ')'

state 0
	$accept : . Program $end  (0)
	SealedOpt : .  (14)

	SEALED  shift 1
	CLASS  reduce 14

	Program  goto 2
	ClassList  goto 3
	ClassDef  goto 4
	SealedOpt  goto 5


state 1
	SealedOpt : SEALED .  (13)

	.  reduce 13


state 2
	$accept : Program . $end  (0)

	$end  accept


state 3
	Program : ClassList .  (1)
	ClassList : ClassList . ClassDef  (2)
	SealedOpt : .  (14)

	SEALED  shift 1
	$end  reduce 1
	CLASS  reduce 14

	ClassDef  goto 6
	SealedOpt  goto 5


state 4
	ClassList : ClassDef .  (3)

	.  reduce 3


state 5
	ClassDef : SealedOpt . CLASS IDENTIFIER ExtendsClause '{' FieldList '}'  (12)

	CLASS  shift 7
	.  error


state 6
	ClassList : ClassList ClassDef .  (2)

	.  reduce 2


state 7
	ClassDef : SealedOpt CLASS . IDENTIFIER ExtendsClause '{' FieldList '}'  (12)

	IDENTIFIER  shift 8
	.  error


state 8
	ClassDef : SealedOpt CLASS IDENTIFIER . ExtendsClause '{' FieldList '}'  (12)
	ExtendsClause : .  (16)

	EXTENDS  shift 9
	'{'  reduce 16

	ExtendsClause  goto 10


state 9
	ExtendsClause : EXTENDS . IDENTIFIER  (15)

	IDENTIFIER  shift 11
	.  error


state 10
	ClassDef : SealedOpt CLASS IDENTIFIER ExtendsClause . '{' FieldList '}'  (12)

	'{'  shift 12
	.  error


state 11
	ExtendsClause : EXTENDS IDENTIFIER .  (15)

	.  reduce 15


state 12
	ClassDef : SealedOpt CLASS IDENTIFIER ExtendsClause '{' . FieldList '}'  (12)
	FieldList : .  (19)

	.  reduce 19

	FieldList  goto 13


state 13
	ClassDef : SealedOpt CLASS IDENTIFIER ExtendsClause '{' FieldList . '}'  (12)
	FieldList : FieldList . VariableDef  (17)
	FieldList : FieldList . FunctionDef  (18)

	VOID  shift 14
	BOOL  shift 15
	INT  shift 16
	STRING  shift 17
	CLASS  shift 18
	STATIC  shift 19
	'}'  shift 20
	.  error

	VariableDef  goto 21
	Variable  goto 22
	Type  goto 23
	FunctionDef  goto 24


state 14
	Type : VOID .  (7)

	.  reduce 7


state 15
	Type : BOOL .  (8)

	.  reduce 8


state 16
	Type : INT .  (6)

	.  reduce 6


state 17
	Type : STRING .  (9)

	.  reduce 9


state 18
	Type : CLASS . IDENTIFIER  (10)

	IDENTIFIER  shift 25
	.  error


state 19
	FunctionDef : STATIC . Type IDENTIFIER '(' Formals ')' StmtBlock  (24)

	VOID  shift 14
	BOOL  shift 15
	INT  shift 16
	STRING  shift 17
	CLASS  shift 18
	.  error

	Type  goto 26


state 20
	ClassDef : SealedOpt CLASS IDENTIFIER ExtendsClause '{' FieldList '}' .  (12)

	.  reduce 12


state 21
	FieldList : FieldList VariableDef .  (17)

	.  reduce 17


state 22
	VariableDef : Variable . ';'  (4)

	';'  shift 27
	.  error


state 23
	Variable : Type . IDENTIFIER  (5)
	Type : Type . '[' ']'  (11)
	FunctionDef : Type . IDENTIFIER '(' Formals ')' StmtBlock  (25)

	IDENTIFIER  shift 28
	'['  shift 29
	.  error


state 24
	FieldList : FieldList FunctionDef .  (18)

	.  reduce 18


state 25
	Type : CLASS IDENTIFIER .  (10)

	.  reduce 10


state 26
	Type : Type . '[' ']'  (11)
	FunctionDef : STATIC Type . IDENTIFIER '(' Formals ')' StmtBlock  (24)

	IDENTIFIER  shift 30
	'['  shift 29
	.  error


state 27
	VariableDef : Variable ';' .  (4)

	.  reduce 4


state 28
	Variable : Type IDENTIFIER .  (5)
	FunctionDef : Type IDENTIFIER . '(' Formals ')' StmtBlock  (25)

	'('  shift 31
	';'  reduce 5


state 29
	Type : Type '[' . ']'  (11)

	']'  shift 32
	.  error


state 30
	FunctionDef : STATIC Type IDENTIFIER . '(' Formals ')' StmtBlock  (24)

	'('  shift 33
	.  error


state 31
	FunctionDef : Type IDENTIFIER '(' . Formals ')' StmtBlock  (25)
	Formals : .  (21)

	VOID  shift 14
	BOOL  shift 15
	INT  shift 16
	STRING  shift 17
	CLASS  shift 18
	')'  reduce 21

	Variable  goto 34
	Type  goto 35
	Formals  goto 36
	VariableList  goto 37


state 32
	Type : Type '[' ']' .  (11)

	.  reduce 11


state 33
	FunctionDef : STATIC Type IDENTIFIER '(' . Formals ')' StmtBlock  (24)
	Formals : .  (21)

	VOID  shift 14
	BOOL  shift 15
	INT  shift 16
	STRING  shift 17
	CLASS  shift 18
	')'  reduce 21

	Variable  goto 34
	Type  goto 35
	Formals  goto 38
	VariableList  goto 37


state 34
	VariableList : Variable .  (23)

	.  reduce 23


state 35
	Variable : Type . IDENTIFIER  (5)
	Type : Type . '[' ']'  (11)

	IDENTIFIER  shift 39
	'['  shift 29
	.  error


state 36
	FunctionDef : Type IDENTIFIER '(' Formals . ')' StmtBlock  (25)

	')'  shift 40
	.  error


state 37
	Formals : VariableList .  (20)
	VariableList : VariableList . ',' Variable  (22)

	','  shift 41
	')'  reduce 20


state 38
	FunctionDef : STATIC Type IDENTIFIER '(' Formals . ')' StmtBlock  (24)

	')'  shift 42
	.  error


state 39
	Variable : Type IDENTIFIER .  (5)

	.  reduce 5


state 40
	FunctionDef : Type IDENTIFIER '(' Formals ')' . StmtBlock  (25)

	'{'  shift 43
	.  error

	StmtBlock  goto 44


state 41
	VariableList : VariableList ',' . Variable  (22)

	VOID  shift 14
	BOOL  shift 15
	INT  shift 16
	STRING  shift 17
	CLASS  shift 18
	.  error

	Variable  goto 45
	Type  goto 35


state 42
	FunctionDef : STATIC Type IDENTIFIER '(' Formals ')' . StmtBlock  (24)

	'{'  shift 43
	.  error

	StmtBlock  goto 46


state 43
	StmtBlock : '{' . StmtList '}'  (26)
	StmtList : .  (28)

	.  reduce 28

	StmtList  goto 47


state 44
	FunctionDef : Type IDENTIFIER '(' Formals ')' StmtBlock .  (25)

	.  reduce 25


state 45
	VariableList : VariableList ',' Variable .  (22)

	.  reduce 22


state 46
	FunctionDef : STATIC Type IDENTIFIER '(' Formals ')' StmtBlock .  (24)

	.  reduce 24


state 47
	StmtBlock : '{' StmtList . '}'  (26)
	StmtList : StmtList . Stmt  (27)
	SimpleStmt : .  (69)
	Receiver : .  (71)

	VOID  shift 14
	BOOL  shift 15
	INT  shift 16
	STRING  shift 17
	CLASS  shift 18
	NULL  shift 48
	THIS  shift 49
	WHILE  shift 50
	FOR  shift 51
	IF  shift 52
	RETURN  shift 53
	BREAK  shift 54
	NEW  shift 55
	PRINT  shift 56
	READ_INTEGER  shift 57
	READ_LINE  shift 58
	LITERAL  shift 59
	INSTANCEOF  shift 60
	'-'  shift 61
	'!'  shift 62
	'('  shift 63
	'['  shift 64
	'{'  shift 43
	'}'  shift 65
	SCOPY  shift 66
	VAR  shift 67
	FOREACH  shift 68
	IDENTIFIER  reduce 71
	';'  reduce 69

	VariableDef  goto 69
	Variable  goto 22
	Type  goto 35
	StmtBlock  goto 70
	Stmt  goto 71
	SimpleStmt  goto 72
	IfStmt  goto 73
	WhileStmt  goto 74
	ForStmt  goto 75
	ReturnStmt  goto 76
	PrintStmt  goto 77
	BreakStmt  goto 78
	OCStmt  goto 79
	GuardedStmt  goto 80
	ForeachStmt  goto 81
	Expr  goto 82
	LValue  goto 83
	Call  goto 84
	Receiver  goto 85
	Constant  goto 86
	ArrayConstant  goto 87


state 48
	Constant : NULL .  (111)

	.  reduce 111


state 49
	Expr : THIS .  (99)

	.  reduce 99


state 50
	WhileStmt : WHILE . '(' Expr ')' Stmt  (121)

	'('  shift 88
	.  error


state 51
	ForStmt : FOR . '(' SimpleStmt ';' Expr ';' SimpleStmt ')' Stmt  (122)

	'('  shift 89
	.  error


state 52
	GuardedStmt : IF . '{' GuardedCont '}'  (59)
	IfStmt : IF . '(' Expr ')' Stmt ElseClause  (124)

	'('  shift 90
	'{'  shift 91
	.  error


state 53
	ReturnStmt : RETURN . Expr  (127)
	ReturnStmt : RETURN .  (128)
	Receiver : .  (71)

	NULL  shift 48
	THIS  shift 49
	NEW  shift 55
	READ_INTEGER  shift 57
	READ_LINE  shift 58
	LITERAL  shift 59
	INSTANCEOF  shift 60
	'-'  shift 61
	'!'  shift 62
	'('  shift 63
	'['  shift 64
	VAR  shift 67
	IDENTIFIER  reduce 71
	';'  reduce 128

	Expr  goto 92
	LValue  goto 93
	Call  goto 94
	Receiver  goto 85
	Constant  goto 86
	ArrayConstant  goto 87


state 54
	BreakStmt : BREAK .  (123)

	.  reduce 123


state 55
	Expr : NEW . IDENTIFIER '(' ')'  (100)
	Expr : NEW . Type '[' Expr ']'  (101)

	VOID  shift 14
	BOOL  shift 15
	INT  shift 16
	STRING  shift 17
	CLASS  shift 18
	IDENTIFIER  shift 95
	.  error

	Type  goto 96


state 56
	PrintStmt : PRINT . '(' ExprList ')'  (129)

	'('  shift 97
	.  error


state 57
	Expr : READ_INTEGER . '(' ')'  (97)

	'('  shift 98
	.  error


state 58
	Expr : READ_LINE . '(' ')'  (98)

	'('  shift 99
	.  error


state 59
	Constant : LITERAL .  (110)

	.  reduce 110


state 60
	Expr : INSTANCEOF . '(' Expr ',' IDENTIFIER ')'  (102)

	'('  shift 100
	.  error


state 61
	Expr : '-' . Expr  (95)
	Receiver : .  (71)

	NULL  shift 48
	THIS  shift 49
	NEW  shift 55
	READ_INTEGER  shift 57
	READ_LINE  shift 58
	LITERAL  shift 59
	INSTANCEOF  shift 60
	'-'  shift 61
	'!'  shift 62
	'('  shift 63
	'['  shift 64
	VAR  shift 67
	IDENTIFIER  reduce 71

	Expr  goto 101
	LValue  goto 93
	Call  goto 94
	Receiver  goto 85
	Constant  goto 86
	ArrayConstant  goto 87


state 62
	Expr : '!' . Expr  (96)
	Receiver : .  (71)

	NULL  shift 48
	THIS  shift 49
	NEW  shift 55
	READ_INTEGER  shift 57
	READ_LINE  shift 58
	LITERAL  shift 59
	INSTANCEOF  shift 60
	'-'  shift 61
	'!'  shift 62
	'('  shift 63
	'['  shift 64
	VAR  shift 67
	IDENTIFIER  reduce 71

	Expr  goto 102
	LValue  goto 93
	Call  goto 94
	Receiver  goto 85
	Constant  goto 86
	ArrayConstant  goto 87


state 63
	Expr : '(' . Expr ')'  (94)
	Expr : '(' . CLASS IDENTIFIER ')' Expr  (103)
	Receiver : .  (71)

	CLASS  shift 103
	NULL  shift 48
	THIS  shift 49
	NEW  shift 55
	READ_INTEGER  shift 57
	READ_LINE  shift 58
	LITERAL  shift 59
	INSTANCEOF  shift 60
	'-'  shift 61
	'!'  shift 62
	'('  shift 63
	'['  shift 64
	VAR  shift 67
	IDENTIFIER  reduce 71

	Expr  goto 104
	LValue  goto 93
	Call  goto 94
	Receiver  goto 85
	Constant  goto 86
	ArrayConstant  goto 87


state 64
	Expr : '[' . Expr FOR IDENTIFIER IN Expr IfExpr ']'  (106)
	ArrayConstant : '[' . Constants ']'  (113)
	ArrayConstant : '[' . ']'  (114)
	Receiver : .  (71)

	NULL  shift 48
	THIS  shift 49
	NEW  shift 55
	READ_INTEGER  shift 57
	READ_LINE  shift 58
	LITERAL  shift 59
	INSTANCEOF  shift 60
	'-'  shift 61
	'!'  shift 62
	'('  shift 63
	'['  shift 64
	']'  shift 105
	VAR  shift 67
	IDENTIFIER  reduce 71

	Expr  goto 106
	LValue  goto 93
	Call  goto 94
	Receiver  goto 85
	Constant  goto 107
	ArrayConstant  goto 87
	Constants  goto 108


state 65
	StmtBlock : '{' StmtList '}' .  (26)

	.  reduce 26


state 66
	OCStmt : SCOPY . '(' IDENTIFIER ',' Expr ')'  (66)

	'('  shift 109
	.  error


state 67
	LValue : VAR . IDENTIFIER  (74)

	IDENTIFIER  shift 110
	.  error


state 68
	ForeachStmt : FOREACH . '(' BoundVariable IN Expr whileExpr ')' AttachedStmtBlock  (54)

	'('  shift 111
	.  error


state 69
	Stmt : VariableDef .  (29)

	.  reduce 29


state 70
	Stmt : StmtBlock .  (37)

	.  reduce 37


state 71
	StmtList : StmtList Stmt .  (27)

	.  reduce 27


state 72
	Stmt : SimpleStmt . ';'  (30)

	';'  shift 112
	.  error


state 73
	Stmt : IfStmt .  (31)

	.  reduce 31


state 74
	Stmt : WhileStmt .  (32)

	.  reduce 32


state 75
	Stmt : ForStmt .  (33)

	.  reduce 33


state 76
	Stmt : ReturnStmt . ';'  (34)

	';'  shift 113
	.  error


state 77
	Stmt : PrintStmt . ';'  (35)

	';'  shift 114
	.  error


state 78
	Stmt : BreakStmt . ';'  (36)

	';'  shift 115
	.  error


state 79
	Stmt : OCStmt . ';'  (38)

	';'  shift 116
	.  error


state 80
	Stmt : GuardedStmt .  (39)

	.  reduce 39


state 81
	Stmt : ForeachStmt .  (40)

	.  reduce 40


state 82
	Receiver : Expr . '.'  (70)
	LValue : Expr . '[' Expr ']'  (73)
	Expr : Expr . DADD Expr  (79)
	Expr : Expr . DMOD Expr  (80)
	Expr : Expr . '+' Expr  (81)
	Expr : Expr . '-' Expr  (82)
	Expr : Expr . '*' Expr  (83)
	Expr : Expr . '/' Expr  (84)
	Expr : Expr . '%' Expr  (85)
	Expr : Expr . EQUAL Expr  (86)
	Expr : Expr . NOT_EQUAL Expr  (87)
	Expr : Expr . '<' Expr  (88)
	Expr : Expr . '>' Expr  (89)
	Expr : Expr . LESS_EQUAL Expr  (90)
	Expr : Expr . GREATER_EQUAL Expr  (91)
	Expr : Expr . AND Expr  (92)
	Expr : Expr . OR Expr  (93)
	Expr : Expr . '[' Expr ':' Expr ']'  (104)
	Expr : Expr . '[' Expr ']' DEFAULT Expr  (105)

	AND  shift 117
	OR  shift 118
	LESS_EQUAL  shift 119
	GREATER_EQUAL  shift 120
	EQUAL  shift 121
	NOT_EQUAL  shift 122
	'+'  shift 123
	'-'  shift 124
	'*'  shift 125
	'/'  shift 126
	'%'  shift 127
	'>'  shift 128
	'<'  shift 129
	'.'  shift 130
	'['  shift 131
	DMOD  shift 132
	DADD  shift 133
	.  error


state 83
	SimpleStmt : LValue . '=' Expr  (67)
	Expr : LValue .  (76)

	'='  shift 134
	AND  reduce 76
	OR  reduce 76
	LESS_EQUAL  reduce 76
	GREATER_EQUAL  reduce 76
	EQUAL  reduce 76
	NOT_EQUAL  reduce 76
	'+'  reduce 76
	'-'  reduce 76
	'*'  reduce 76
	'/'  reduce 76
	'%'  reduce 76
	'>'  reduce 76
	'<'  reduce 76
	'.'  reduce 76
	'['  reduce 76
	DMOD  reduce 76
	DADD  reduce 76


state 84
	SimpleStmt : Call .  (68)
	Expr : Call .  (77)

	AND  reduce 77
	OR  reduce 77
	LESS_EQUAL  reduce 77
	GREATER_EQUAL  reduce 77
	EQUAL  reduce 77
	NOT_EQUAL  reduce 77
	'+'  reduce 77
	'-'  reduce 77
	'*'  reduce 77
	'/'  reduce 77
	'%'  reduce 77
	'>'  reduce 77
	'<'  reduce 77
	'.'  reduce 77
	';'  reduce 68
	')'  reduce 68
	'['  reduce 77
	DMOD  reduce 77
	DADD  reduce 77


state 85
	LValue : Receiver . IDENTIFIER  (72)
	Call : Receiver . IDENTIFIER '(' Actuals ')'  (75)

	IDENTIFIER  shift 135
	.  error


state 86
	Expr : Constant .  (78)

	.  reduce 78


state 87
	Constant : ArrayConstant .  (112)

	.  reduce 112


state 88
	WhileStmt : WHILE '(' . Expr ')' Stmt  (121)
	Receiver : .  (71)

	NULL  shift 48
	THIS  shift 49
	NEW  shift 55
	READ_INTEGER  shift 57
	READ_LINE  shift 58
	LITERAL  shift 59
	INSTANCEOF  shift 60
	'-'  shift 61
	'!'  shift 62
	'('  shift 63
	'['  shift 64
	VAR  shift 67
	IDENTIFIER  reduce 71

	Expr  goto 136
	LValue  goto 93
	Call  goto 94
	Receiver  goto 85
	Constant  goto 86
	ArrayConstant  goto 87


state 89
	ForStmt : FOR '(' . SimpleStmt ';' Expr ';' SimpleStmt ')' Stmt  (122)
	SimpleStmt : .  (69)
	Receiver : .  (71)

	NULL  shift 48
	THIS  shift 49
	NEW  shift 55
	READ_INTEGER  shift 57
	READ_LINE  shift 58
	LITERAL  shift 59
	INSTANCEOF  shift 60
	'-'  shift 61
	'!'  shift 62
	'('  shift 63
	'['  shift 64
	VAR  shift 67
	IDENTIFIER  reduce 71
	';'  reduce 69

	SimpleStmt  goto 137
	Expr  goto 82
	LValue  goto 83
	Call  goto 84
	Receiver  goto 85
	Constant  goto 86
	ArrayConstant  goto 87


state 90
	IfStmt : IF '(' . Expr ')' Stmt ElseClause  (124)
	Receiver : .  (71)

	NULL  shift 48
	THIS  shift 49
	NEW  shift 55
	READ_INTEGER  shift 57
	READ_LINE  shift 58
	LITERAL  shift 59
	INSTANCEOF  shift 60
	'-'  shift 61
	'!'  shift 62
	'('  shift 63
	'['  shift 64
	VAR  shift 67
	IDENTIFIER  reduce 71

	Expr  goto 138
	LValue  goto 93
	Call  goto 94
	Receiver  goto 85
	Constant  goto 86
	ArrayConstant  goto 87


state 91
	GuardedStmt : IF '{' . GuardedCont '}'  (59)
	GuardedCont : .  (61)
	IfBranchs : .  (63)

	NULL  reduce 63
	THIS  reduce 63
	NEW  reduce 63
	READ_INTEGER  reduce 63
	READ_LINE  reduce 63
	LITERAL  reduce 63
	IDENTIFIER  reduce 63
	INSTANCEOF  reduce 63
	'-'  reduce 63
	'!'  reduce 63
	'('  reduce 63
	'['  reduce 63
	'}'  reduce 61
	VAR  reduce 63

	GuardedCont  goto 139
	IfBranchs  goto 140


state 92
	Receiver : Expr . '.'  (70)
	LValue : Expr . '[' Expr ']'  (73)
	Expr : Expr . DADD Expr  (79)
	Expr : Expr . DMOD Expr  (80)
	Expr : Expr . '+' Expr  (81)
	Expr : Expr . '-' Expr  (82)
	Expr : Expr . '*' Expr  (83)
	Expr : Expr . '/' Expr  (84)
	Expr : Expr . '%' Expr  (85)
	Expr : Expr . EQUAL Expr  (86)
	Expr : Expr . NOT_EQUAL Expr  (87)
	Expr : Expr . '<' Expr  (88)
	Expr : Expr . '>' Expr  (89)
	Expr : Expr . LESS_EQUAL Expr  (90)
	Expr : Expr . GREATER_EQUAL Expr  (91)
	Expr : Expr . AND Expr  (92)
	Expr : Expr . OR Expr  (93)
	Expr : Expr . '[' Expr ':' Expr ']'  (104)
	Expr : Expr . '[' Expr ']' DEFAULT Expr  (105)
	ReturnStmt : RETURN Expr .  (127)

	AND  shift 117
	OR  shift 118
	LESS_EQUAL  shift 119
	GREATER_EQUAL  shift 120
	EQUAL  shift 121
	NOT_EQUAL  shift 122
	'+'  shift 123
	'-'  shift 124
	'*'  shift 125
	'/'  shift 126
	'%'  shift 127
	'>'  shift 128
	'<'  shift 129
	'.'  shift 130
	'['  shift 131
	DMOD  shift 132
	DADD  shift 133
	';'  reduce 127


state 93
	Expr : LValue .  (76)

	.  reduce 76


state 94
	Expr : Call .  (77)

	.  reduce 77


state 95
	Expr : NEW IDENTIFIER . '(' ')'  (100)

	'('  shift 141
	.  error


state 96
	Type : Type . '[' ']'  (11)
	Expr : NEW Type . '[' Expr ']'  (101)

	'['  shift 142
	.  error


state 97
	PrintStmt : PRINT '(' . ExprList ')'  (129)
	Receiver : .  (71)

	NULL  shift 48
	THIS  shift 49
	NEW  shift 55
	READ_INTEGER  shift 57
	READ_LINE  shift 58
	LITERAL  shift 59
	INSTANCEOF  shift 60
	'-'  shift 61
	'!'  shift 62
	'('  shift 63
	'['  shift 64
	VAR  shift 67
	IDENTIFIER  reduce 71

	Expr  goto 143
	LValue  goto 93
	Call  goto 94
	Receiver  goto 85
	Constant  goto 86
	ArrayConstant  goto 87
	ExprList  goto 144


state 98
	Expr : READ_INTEGER '(' . ')'  (97)

	')'  shift 145
	.  error


state 99
	Expr : READ_LINE '(' . ')'  (98)

	')'  shift 146
	.  error


state 100
	Expr : INSTANCEOF '(' . Expr ',' IDENTIFIER ')'  (102)
	Receiver : .  (71)

	NULL  shift 48
	THIS  shift 49
	NEW  shift 55
	READ_INTEGER  shift 57
	READ_LINE  shift 58
	LITERAL  shift 59
	INSTANCEOF  shift 60
	'-'  shift 61
	'!'  shift 62
	'('  shift 63
	'['  shift 64
	VAR  shift 67
	IDENTIFIER  reduce 71

	Expr  goto 147
	LValue  goto 93
	Call  goto 94
	Receiver  goto 85
	Constant  goto 86
	ArrayConstant  goto 87


state 101
	Receiver : Expr . '.'  (70)
	LValue : Expr . '[' Expr ']'  (73)
	Expr : Expr . DADD Expr  (79)
	Expr : Expr . DMOD Expr  (80)
	Expr : Expr . '+' Expr  (81)
	Expr : Expr . '-' Expr  (82)
	Expr : Expr . '*' Expr  (83)
	Expr : Expr . '/' Expr  (84)
	Expr : Expr . '%' Expr  (85)
	Expr : Expr . EQUAL Expr  (86)
	Expr : Expr . NOT_EQUAL Expr  (87)
	Expr : Expr . '<' Expr  (88)
	Expr : Expr . '>' Expr  (89)
	Expr : Expr . LESS_EQUAL Expr  (90)
	Expr : Expr . GREATER_EQUAL Expr  (91)
	Expr : Expr . AND Expr  (92)
	Expr : Expr . OR Expr  (93)
	Expr : '-' Expr .  (95)
	Expr : Expr . '[' Expr ':' Expr ']'  (104)
	Expr : Expr . '[' Expr ']' DEFAULT Expr  (105)

	'.'  shift 130
	'['  shift 131
	WHILE  reduce 95
	FOR  reduce 95
	IF  reduce 95
	AND  reduce 95
	OR  reduce 95
	LESS_EQUAL  reduce 95
	GREATER_EQUAL  reduce 95
	EQUAL  reduce 95
	NOT_EQUAL  reduce 95
	'+'  reduce 95
	'-'  reduce 95
	'*'  reduce 95
	'/'  reduce 95
	'%'  reduce 95
	'>'  reduce 95
	'<'  reduce 95
	','  reduce 95
	';'  reduce 95
	')'  reduce 95
	']'  reduce 95
	':'  reduce 95
	DMOD  reduce 95
	DADD  reduce 95


state 102
	Receiver : Expr . '.'  (70)
	LValue : Expr . '[' Expr ']'  (73)
	Expr : Expr . DADD Expr  (79)
	Expr : Expr . DMOD Expr  (80)
	Expr : Expr . '+' Expr  (81)
	Expr : Expr . '-' Expr  (82)
	Expr : Expr . '*' Expr  (83)
	Expr : Expr . '/' Expr  (84)
	Expr : Expr . '%' Expr  (85)
	Expr : Expr . EQUAL Expr  (86)
	Expr : Expr . NOT_EQUAL Expr  (87)
	Expr : Expr . '<' Expr  (88)
	Expr : Expr . '>' Expr  (89)
	Expr : Expr . LESS_EQUAL Expr  (90)
	Expr : Expr . GREATER_EQUAL Expr  (91)
	Expr : Expr . AND Expr  (92)
	Expr : Expr . OR Expr  (93)
	Expr : '!' Expr .  (96)
	Expr : Expr . '[' Expr ':' Expr ']'  (104)
	Expr : Expr . '[' Expr ']' DEFAULT Expr  (105)

	'.'  shift 130
	'['  shift 131
	WHILE  reduce 96
	FOR  reduce 96
	IF  reduce 96
	AND  reduce 96
	OR  reduce 96
	LESS_EQUAL  reduce 96
	GREATER_EQUAL  reduce 96
	EQUAL  reduce 96
	NOT_EQUAL  reduce 96
	'+'  reduce 96
	'-'  reduce 96
	'*'  reduce 96
	'/'  reduce 96
	'%'  reduce 96
	'>'  reduce 96
	'<'  reduce 96
	','  reduce 96
	';'  reduce 96
	')'  reduce 96
	']'  reduce 96
	':'  reduce 96
	DMOD  reduce 96
	DADD  reduce 96


state 103
	Expr : '(' CLASS . IDENTIFIER ')' Expr  (103)

	IDENTIFIER  shift 148
	.  error


state 104
	Receiver : Expr . '.'  (70)
	LValue : Expr . '[' Expr ']'  (73)
	Expr : Expr . DADD Expr  (79)
	Expr : Expr . DMOD Expr  (80)
	Expr : Expr . '+' Expr  (81)
	Expr : Expr . '-' Expr  (82)
	Expr : Expr . '*' Expr  (83)
	Expr : Expr . '/' Expr  (84)
	Expr : Expr . '%' Expr  (85)
	Expr : Expr . EQUAL Expr  (86)
	Expr : Expr . NOT_EQUAL Expr  (87)
	Expr : Expr . '<' Expr  (88)
	Expr : Expr . '>' Expr  (89)
	Expr : Expr . LESS_EQUAL Expr  (90)
	Expr : Expr . GREATER_EQUAL Expr  (91)
	Expr : Expr . AND Expr  (92)
	Expr : Expr . OR Expr  (93)
	Expr : '(' Expr . ')'  (94)
	Expr : Expr . '[' Expr ':' Expr ']'  (104)
	Expr : Expr . '[' Expr ']' DEFAULT Expr  (105)

	AND  shift 117
	OR  shift 118
	LESS_EQUAL  shift 119
	GREATER_EQUAL  shift 120
	EQUAL  shift 121
	NOT_EQUAL  shift 122
	'+'  shift 123
	'-'  shift 124
	'*'  shift 125
	'/'  shift 126
	'%'  shift 127
	'>'  shift 128
	'<'  shift 129
	'.'  shift 130
	')'  shift 149
	'['  shift 131
	DMOD  shift 132
	DADD  shift 133
	.  error


state 105
	ArrayConstant : '[' ']' .  (114)

	.  reduce 114


state 106
	Receiver : Expr . '.'  (70)
	LValue : Expr . '[' Expr ']'  (73)
	Expr : Expr . DADD Expr  (79)
	Expr : Expr . DMOD Expr  (80)
	Expr : Expr . '+' Expr  (81)
	Expr : Expr . '-' Expr  (82)
	Expr : Expr . '*' Expr  (83)
	Expr : Expr . '/' Expr  (84)
	Expr : Expr . '%' Expr  (85)
	Expr : Expr . EQUAL Expr  (86)
	Expr : Expr . NOT_EQUAL Expr  (87)
	Expr : Expr . '<' Expr  (88)
	Expr : Expr . '>' Expr  (89)
	Expr : Expr . LESS_EQUAL Expr  (90)
	Expr : Expr . GREATER_EQUAL Expr  (91)
	Expr : Expr . AND Expr  (92)
	Expr : Expr . OR Expr  (93)
	Expr : Expr . '[' Expr ':' Expr ']'  (104)
	Expr : Expr . '[' Expr ']' DEFAULT Expr  (105)
	Expr : '[' Expr . FOR IDENTIFIER IN Expr IfExpr ']'  (106)

	FOR  shift 150
	AND  shift 117
	OR  shift 118
	LESS_EQUAL  shift 119
	GREATER_EQUAL  shift 120
	EQUAL  shift 121
	NOT_EQUAL  shift 122
	'+'  shift 123
	'-'  shift 124
	'*'  shift 125
	'/'  shift 126
	'%'  shift 127
	'>'  shift 128
	'<'  shift 129
	'.'  shift 130
	'['  shift 131
	DMOD  shift 132
	DADD  shift 133
	.  error


state 107
	Expr : Constant .  (78)
	Constants : Constant .  (116)

	FOR  reduce 78
	AND  reduce 78
	OR  reduce 78
	LESS_EQUAL  reduce 78
	GREATER_EQUAL  reduce 78
	EQUAL  reduce 78
	NOT_EQUAL  reduce 78
	'+'  reduce 78
	'-'  reduce 78
	'*'  reduce 78
	'/'  reduce 78
	'%'  reduce 78
	'>'  reduce 78
	'<'  reduce 78
	'.'  reduce 78
	','  reduce 116
	'['  reduce 78
	']'  reduce 116
	DMOD  reduce 78
	DADD  reduce 78


state 108
	ArrayConstant : '[' Constants . ']'  (113)
	Constants : Constants . ',' Constant  (115)

	','  shift 151
	']'  shift 152
	.  error


state 109
	OCStmt : SCOPY '(' . IDENTIFIER ',' Expr ')'  (66)

	IDENTIFIER  shift 153
	.  error


state 110
	LValue : VAR IDENTIFIER .  (74)

	.  reduce 74


state 111
	ForeachStmt : FOREACH '(' . BoundVariable IN Expr whileExpr ')' AttachedStmtBlock  (54)

	VOID  shift 14
	BOOL  shift 15
	INT  shift 16
	STRING  shift 17
	CLASS  shift 18
	VAR  shift 154
	.  error

	Type  goto 155
	BoundVariable  goto 156


state 112
	Stmt : SimpleStmt ';' .  (30)

	.  reduce 30


state 113
	Stmt : ReturnStmt ';' .  (34)

	.  reduce 34


state 114
	Stmt : PrintStmt ';' .  (35)

	.  reduce 35


state 115
	Stmt : BreakStmt ';' .  (36)

	.  reduce 36


state 116
	Stmt : OCStmt ';' .  (38)

	.  reduce 38


state 117
	Expr : Expr AND . Expr  (92)
	Receiver : .  (71)

	NULL  shift 48
	THIS  shift 49
	NEW  shift 55
	READ_INTEGER  shift 57
	READ_LINE  shift 58
	LITERAL  shift 59
	INSTANCEOF  shift 60
	'-'  shift 61
	'!'  shift 62
	'('  shift 63
	'['  shift 64
	VAR  shift 67
	IDENTIFIER  reduce 71

	Expr  goto 157
	LValue  goto 93
	Call  goto 94
	Receiver  goto 85
	Constant  goto 86
	ArrayConstant  goto 87


state 118
	Expr : Expr OR . Expr  (93)
	Receiver : .  (71)

	NULL  shift 48
	THIS  shift 49
	NEW  shift 55
	READ_INTEGER  shift 57
	READ_LINE  shift 58
	LITERAL  shift 59
	INSTANCEOF  shift 60
	'-'  shift 61
	'!'  shift 62
	'('  shift 63
	'['  shift 64
	VAR  shift 67
	IDENTIFIER  reduce 71

	Expr  goto 158
	LValue  goto 93
	Call  goto 94
	Receiver  goto 85
	Constant  goto 86
	ArrayConstant  goto 87


state 119
	Expr : Expr LESS_EQUAL . Expr  (90)
	Receiver : .  (71)

	NULL  shift 48
	THIS  shift 49
	NEW  shift 55
	READ_INTEGER  shift 57
	READ_LINE  shift 58
	LITERAL  shift 59
	INSTANCEOF  shift 60
	'-'  shift 61
	'!'  shift 62
	'('  shift 63
	'['  shift 64
	VAR  shift 67
	IDENTIFIER  reduce 71

	Expr  goto 159
	LValue  goto 93
	Call  goto 94
	Receiver  goto 85
	Constant  goto 86
	ArrayConstant  goto 87


state 120
	Expr : Expr GREATER_EQUAL . Expr  (91)
	Receiver : .  (71)

	NULL  shift 48
	THIS  shift 49
	NEW  shift 55
	READ_INTEGER  shift 57
	READ_LINE  shift 58
	LITERAL  shift 59
	INSTANCEOF  shift 60
	'-'  shift 61
	'!'  shift 62
	'('  shift 63
	'['  shift 64
	VAR  shift 67
	IDENTIFIER  reduce 71

	Expr  goto 160
	LValue  goto 93
	Call  goto 94
	Receiver  goto 85
	Constant  goto 86
	ArrayConstant  goto 87


state 121
	Expr : Expr EQUAL . Expr  (86)
	Receiver : .  (71)

	NULL  shift 48
	THIS  shift 49
	NEW  shift 55
	READ_INTEGER  shift 57
	READ_LINE  shift 58
	LITERAL  shift 59
	INSTANCEOF  shift 60
	'-'  shift 61
	'!'  shift 62
	'('  shift 63
	'['  shift 64
	VAR  shift 67
	IDENTIFIER  reduce 71

	Expr  goto 161
	LValue  goto 93
	Call  goto 94
	Receiver  goto 85
	Constant  goto 86
	ArrayConstant  goto 87


state 122
	Expr : Expr NOT_EQUAL . Expr  (87)
	Receiver : .  (71)

	NULL  shift 48
	THIS  shift 49
	NEW  shift 55
	READ_INTEGER  shift 57
	READ_LINE  shift 58
	LITERAL  shift 59
	INSTANCEOF  shift 60
	'-'  shift 61
	'!'  shift 62
	'('  shift 63
	'['  shift 64
	VAR  shift 67
	IDENTIFIER  reduce 71

	Expr  goto 162
	LValue  goto 93
	Call  goto 94
	Receiver  goto 85
	Constant  goto 86
	ArrayConstant  goto 87


state 123
	Expr : Expr '+' . Expr  (81)
	Receiver : .  (71)

	NULL  shift 48
	THIS  shift 49
	NEW  shift 55
	READ_INTEGER  shift 57
	READ_LINE  shift 58
	LITERAL  shift 59
	INSTANCEOF  shift 60
	'-'  shift 61
	'!'  shift 62
	'('  shift 63
	'['  shift 64
	VAR  shift 67
	IDENTIFIER  reduce 71

	Expr  goto 163
	LValue  goto 93
	Call  goto 94
	Receiver  goto 85
	Constant  goto 86
	ArrayConstant  goto 87


state 124
	Expr : Expr '-' . Expr  (82)
	Receiver : .  (71)

	NULL  shift 48
	THIS  shift 49
	NEW  shift 55
	READ_INTEGER  shift 57
	READ_LINE  shift 58
	LITERAL  shift 59
	INSTANCEOF  shift 60
	'-'  shift 61
	'!'  shift 62
	'('  shift 63
	'['  shift 64
	VAR  shift 67
	IDENTIFIER  reduce 71

	Expr  goto 164
	LValue  goto 93
	Call  goto 94
	Receiver  goto 85
	Constant  goto 86
	ArrayConstant  goto 87


state 125
	Expr : Expr '*' . Expr  (83)
	Receiver : .  (71)

	NULL  shift 48
	THIS  shift 49
	NEW  shift 55
	READ_INTEGER  shift 57
	READ_LINE  shift 58
	LITERAL  shift 59
	INSTANCEOF  shift 60
	'-'  shift 61
	'!'  shift 62
	'('  shift 63
	'['  shift 64
	VAR  shift 67
	IDENTIFIER  reduce 71

	Expr  goto 165
	LValue  goto 93
	Call  goto 94
	Receiver  goto 85
	Constant  goto 86
	ArrayConstant  goto 87


state 126
	Expr : Expr '/' . Expr  (84)
	Receiver : .  (71)

	NULL  shift 48
	THIS  shift 49
	NEW  shift 55
	READ_INTEGER  shift 57
	READ_LINE  shift 58
	LITERAL  shift 59
	INSTANCEOF  shift 60
	'-'  shift 61
	'!'  shift 62
	'('  shift 63
	'['  shift 64
	VAR  shift 67
	IDENTIFIER  reduce 71

	Expr  goto 166
	LValue  goto 93
	Call  goto 94
	Receiver  goto 85
	Constant  goto 86
	ArrayConstant  goto 87


state 127
	Expr : Expr '%' . Expr  (85)
	Receiver : .  (71)

	NULL  shift 48
	THIS  shift 49
	NEW  shift 55
	READ_INTEGER  shift 57
	READ_LINE  shift 58
	LITERAL  shift 59
	INSTANCEOF  shift 60
	'-'  shift 61
	'!'  shift 62
	'('  shift 63
	'['  shift 64
	VAR  shift 67
	IDENTIFIER  reduce 71

	Expr  goto 167
	LValue  goto 93
	Call  goto 94
	Receiver  goto 85
	Constant  goto 86
	ArrayConstant  goto 87


state 128
	Expr : Expr '>' . Expr  (89)
	Receiver : .  (71)

	NULL  shift 48
	THIS  shift 49
	NEW  shift 55
	READ_INTEGER  shift 57
	READ_LINE  shift 58
	LITERAL  shift 59
	INSTANCEOF  shift 60
	'-'  shift 61
	'!'  shift 62
	'('  shift 63
	'['  shift 64
	VAR  shift 67
	IDENTIFIER  reduce 71

	Expr  goto 168
	LValue  goto 93
	Call  goto 94
	Receiver  goto 85
	Constant  goto 86
	ArrayConstant  goto 87


state 129
	Expr : Expr '<' . Expr  (88)
	Receiver : .  (71)

	NULL  shift 48
	THIS  shift 49
	NEW  shift 55
	READ_INTEGER  shift 57
	READ_LINE  shift 58
	LITERAL  shift 59
	INSTANCEOF  shift 60
	'-'  shift 61
	'!'  shift 62
	'('  shift 63
	'['  shift 64
	VAR  shift 67
	IDENTIFIER  reduce 71

	Expr  goto 169
	LValue  goto 93
	Call  goto 94
	Receiver  goto 85
	Constant  goto 86
	ArrayConstant  goto 87


state 130
	Receiver : Expr '.' .  (70)

	.  reduce 70


state 131
	LValue : Expr '[' . Expr ']'  (73)
	Expr : Expr '[' . Expr ':' Expr ']'  (104)
	Expr : Expr '[' . Expr ']' DEFAULT Expr  (105)
	Receiver : .  (71)

	NULL  shift 48
	THIS  shift 49
	NEW  shift 55
	READ_INTEGER  shift 57
	READ_LINE  shift 58
	LITERAL  shift 59
	INSTANCEOF  shift 60
	'-'  shift 61
	'!'  shift 62
	'('  shift 63
	'['  shift 64
	VAR  shift 67
	IDENTIFIER  reduce 71

	Expr  goto 170
	LValue  goto 93
	Call  goto 94
	Receiver  goto 85
	Constant  goto 86
	ArrayConstant  goto 87


state 132
	Expr : Expr DMOD . Expr  (80)
	Receiver : .  (71)

	NULL  shift 48
	THIS  shift 49
	NEW  shift 55
	READ_INTEGER  shift 57
	READ_LINE  shift 58
	LITERAL  shift 59
	INSTANCEOF  shift 60
	'-'  shift 61
	'!'  shift 62
	'('  shift 63
	'['  shift 64
	VAR  shift 67
	IDENTIFIER  reduce 71

	Expr  goto 171
	LValue  goto 93
	Call  goto 94
	Receiver  goto 85
	Constant  goto 86
	ArrayConstant  goto 87


state 133
	Expr : Expr DADD . Expr  (79)
	Receiver : .  (71)

	NULL  shift 48
	THIS  shift 49
	NEW  shift 55
	READ_INTEGER  shift 57
	READ_LINE  shift 58
	LITERAL  shift 59
	INSTANCEOF  shift 60
	'-'  shift 61
	'!'  shift 62
	'('  shift 63
	'['  shift 64
	VAR  shift 67
	IDENTIFIER  reduce 71

	Expr  goto 172
	LValue  goto 93
	Call  goto 94
	Receiver  goto 85
	Constant  goto 86
	ArrayConstant  goto 87


state 134
	SimpleStmt : LValue '=' . Expr  (67)
	Receiver : .  (71)

	NULL  shift 48
	THIS  shift 49
	NEW  shift 55
	READ_INTEGER  shift 57
	READ_LINE  shift 58
	LITERAL  shift 59
	INSTANCEOF  shift 60
	'-'  shift 61
	'!'  shift 62
	'('  shift 63
	'['  shift 64
	VAR  shift 67
	IDENTIFIER  reduce 71

	Expr  goto 173
	LValue  goto 93
	Call  goto 94
	Receiver  goto 85
	Constant  goto 86
	ArrayConstant  goto 87


state 135
	LValue : Receiver IDENTIFIER .  (72)
	Call : Receiver IDENTIFIER . '(' Actuals ')'  (75)

	'('  shift 174
	WHILE  reduce 72
	FOR  reduce 72
	IF  reduce 72
	AND  reduce 72
	OR  reduce 72
	LESS_EQUAL  reduce 72
	GREATER_EQUAL  reduce 72
	EQUAL  reduce 72
	NOT_EQUAL  reduce 72
	'+'  reduce 72
	'-'  reduce 72
	'*'  reduce 72
	'/'  reduce 72
	'%'  reduce 72
	'='  reduce 72
	'>'  reduce 72
	'<'  reduce 72
	'.'  reduce 72
	','  reduce 72
	';'  reduce 72
	')'  reduce 72
	'['  reduce 72
	']'  reduce 72
	':'  reduce 72
	DMOD  reduce 72
	DADD  reduce 72


state 136
	Receiver : Expr . '.'  (70)
	LValue : Expr . '[' Expr ']'  (73)
	Expr : Expr . DADD Expr  (79)
	Expr : Expr . DMOD Expr  (80)
	Expr : Expr . '+' Expr  (81)
	Expr : Expr . '-' Expr  (82)
	Expr : Expr . '*' Expr  (83)
	Expr : Expr . '/' Expr  (84)
	Expr : Expr . '%' Expr  (85)
	Expr : Expr . EQUAL Expr  (86)
	Expr : Expr . NOT_EQUAL Expr  (87)
	Expr : Expr . '<' Expr  (88)
	Expr : Expr . '>' Expr  (89)
	Expr : Expr . LESS_EQUAL Expr  (90)
	Expr : Expr . GREATER_EQUAL Expr  (91)
	Expr : Expr . AND Expr  (92)
	Expr : Expr . OR Expr  (93)
	Expr : Expr . '[' Expr ':' Expr ']'  (104)
	Expr : Expr . '[' Expr ']' DEFAULT Expr  (105)
	WhileStmt : WHILE '(' Expr . ')' Stmt  (121)

	AND  shift 117
	OR  shift 118
	LESS_EQUAL  shift 119
	GREATER_EQUAL  shift 120
	EQUAL  shift 121
	NOT_EQUAL  shift 122
	'+'  shift 123
	'-'  shift 124
	'*'  shift 125
	'/'  shift 126
	'%'  shift 127
	'>'  shift 128
	'<'  shift 129
	'.'  shift 130
	')'  shift 175
	'['  shift 131
	DMOD  shift 132
	DADD  shift 133
	.  error


state 137
	ForStmt : FOR '(' SimpleStmt . ';' Expr ';' SimpleStmt ')' Stmt  (122)

	';'  shift 176
	.  error


state 138
	Receiver : Expr . '.'  (70)
	LValue : Expr . '[' Expr ']'  (73)
	Expr : Expr . DADD Expr  (79)
	Expr : Expr . DMOD Expr  (80)
	Expr : Expr . '+' Expr  (81)
	Expr : Expr . '-' Expr  (82)
	Expr : Expr . '*' Expr  (83)
	Expr : Expr . '/' Expr  (84)
	Expr : Expr . '%' Expr  (85)
	Expr : Expr . EQUAL Expr  (86)
	Expr : Expr . NOT_EQUAL Expr  (87)
	Expr : Expr . '<' Expr  (88)
	Expr : Expr . '>' Expr  (89)
	Expr : Expr . LESS_EQUAL Expr  (90)
	Expr : Expr . GREATER_EQUAL Expr  (91)
	Expr : Expr . AND Expr  (92)
	Expr : Expr . OR Expr  (93)
	Expr : Expr . '[' Expr ':' Expr ']'  (104)
	Expr : Expr . '[' Expr ']' DEFAULT Expr  (105)
	IfStmt : IF '(' Expr . ')' Stmt ElseClause  (124)

	AND  shift 117
	OR  shift 118
	LESS_EQUAL  shift 119
	GREATER_EQUAL  shift 120
	EQUAL  shift 121
	NOT_EQUAL  shift 122
	'+'  shift 123
	'-'  shift 124
	'*'  shift 125
	'/'  shift 126
	'%'  shift 127
	'>'  shift 128
	'<'  shift 129
	'.'  shift 130
	')'  shift 177
	'['  shift 131
	DMOD  shift 132
	DADD  shift 133
	.  error


state 139
	GuardedStmt : IF '{' GuardedCont . '}'  (59)

	'}'  shift 178
	.  error


state 140
	GuardedCont : IfBranchs . IfSubStmt  (60)
	IfBranchs : IfBranchs . IfBranch  (62)
	Receiver : .  (71)

	NULL  shift 48
	THIS  shift 49
	NEW  shift 55
	READ_INTEGER  shift 57
	READ_LINE  shift 58
	LITERAL  shift 59
	INSTANCEOF  shift 60
	'-'  shift 61
	'!'  shift 62
	'('  shift 63
	'['  shift 64
	VAR  shift 67
	IDENTIFIER  reduce 71

	Expr  goto 179
	IfSubStmt  goto 180
	IfBranch  goto 181
	LValue  goto 93
	Call  goto 94
	Receiver  goto 85
	Constant  goto 86
	ArrayConstant  goto 87


state 141
	Expr : NEW IDENTIFIER '(' . ')'  (100)

	')'  shift 182
	.  error


state 142
	Type : Type '[' . ']'  (11)
	Expr : NEW Type '[' . Expr ']'  (101)
	Receiver : .  (71)

	NULL  shift 48
	THIS  shift 49
	NEW  shift 55
	READ_INTEGER  shift 57
	READ_LINE  shift 58
	LITERAL  shift 59
	INSTANCEOF  shift 60
	'-'  shift 61
	'!'  shift 62
	'('  shift 63
	'['  shift 64
	']'  shift 32
	VAR  shift 67
	IDENTIFIER  reduce 71

	Expr  goto 183
	LValue  goto 93
	Call  goto 94
	Receiver  goto 85
	Constant  goto 86
	ArrayConstant  goto 87


state 143
	Receiver : Expr . '.'  (70)
	LValue : Expr . '[' Expr ']'  (73)
	Expr : Expr . DADD Expr  (79)
	Expr : Expr . DMOD Expr  (80)
	Expr : Expr . '+' Expr  (81)
	Expr : Expr . '-' Expr  (82)
	Expr : Expr . '*' Expr  (83)
	Expr : Expr . '/' Expr  (84)
	Expr : Expr . '%' Expr  (85)
	Expr : Expr . EQUAL Expr  (86)
	Expr : Expr . NOT_EQUAL Expr  (87)
	Expr : Expr . '<' Expr  (88)
	Expr : Expr . '>' Expr  (89)
	Expr : Expr . LESS_EQUAL Expr  (90)
	Expr : Expr . GREATER_EQUAL Expr  (91)
	Expr : Expr . AND Expr  (92)
	Expr : Expr . OR Expr  (93)
	Expr : Expr . '[' Expr ':' Expr ']'  (104)
	Expr : Expr . '[' Expr ']' DEFAULT Expr  (105)
	ExprList : Expr .  (120)

	AND  shift 117
	OR  shift 118
	LESS_EQUAL  shift 119
	GREATER_EQUAL  shift 120
	EQUAL  shift 121
	NOT_EQUAL  shift 122
	'+'  shift 123
	'-'  shift 124
	'*'  shift 125
	'/'  shift 126
	'%'  shift 127
	'>'  shift 128
	'<'  shift 129
	'.'  shift 130
	'['  shift 131
	DMOD  shift 132
	DADD  shift 133
	','  reduce 120
	')'  reduce 120


state 144
	ExprList : ExprList . ',' Expr  (119)
	PrintStmt : PRINT '(' ExprList . ')'  (129)

	','  shift 184
	')'  shift 185
	.  error


state 145
	Expr : READ_INTEGER '(' ')' .  (97)

	.  reduce 97


state 146
	Expr : READ_LINE '(' ')' .  (98)

	.  reduce 98


state 147
	Receiver : Expr . '.'  (70)
	LValue : Expr . '[' Expr ']'  (73)
	Expr : Expr . DADD Expr  (79)
	Expr : Expr . DMOD Expr  (80)
	Expr : Expr . '+' Expr  (81)
	Expr : Expr . '-' Expr  (82)
	Expr : Expr . '*' Expr  (83)
	Expr : Expr . '/' Expr  (84)
	Expr : Expr . '%' Expr  (85)
	Expr : Expr . EQUAL Expr  (86)
	Expr : Expr . NOT_EQUAL Expr  (87)
	Expr : Expr . '<' Expr  (88)
	Expr : Expr . '>' Expr  (89)
	Expr : Expr . LESS_EQUAL Expr  (90)
	Expr : Expr . GREATER_EQUAL Expr  (91)
	Expr : Expr . AND Expr  (92)
	Expr : Expr . OR Expr  (93)
	Expr : INSTANCEOF '(' Expr . ',' IDENTIFIER ')'  (102)
	Expr : Expr . '[' Expr ':' Expr ']'  (104)
	Expr : Expr . '[' Expr ']' DEFAULT Expr  (105)

	AND  shift 117
	OR  shift 118
	LESS_EQUAL  shift 119
	GREATER_EQUAL  shift 120
	EQUAL  shift 121
	NOT_EQUAL  shift 122
	'+'  shift 123
	'-'  shift 124
	'*'  shift 125
	'/'  shift 126
	'%'  shift 127
	'>'  shift 128
	'<'  shift 129
	'.'  shift 130
	','  shift 186
	'['  shift 131
	DMOD  shift 132
	DADD  shift 133
	.  error


state 148
	Expr : '(' CLASS IDENTIFIER . ')' Expr  (103)

	')'  shift 187
	.  error


state 149
	Expr : '(' Expr ')' .  (94)

	.  reduce 94


state 150
	Expr : '[' Expr FOR . IDENTIFIER IN Expr IfExpr ']'  (106)

	IDENTIFIER  shift 188
	.  error


state 151
	Constants : Constants ',' . Constant  (115)

	NULL  shift 48
	LITERAL  shift 59
	'['  shift 189
	.  error

	Constant  goto 190
	ArrayConstant  goto 87


state 152
	ArrayConstant : '[' Constants ']' .  (113)

	.  reduce 113


state 153
	OCStmt : SCOPY '(' IDENTIFIER . ',' Expr ')'  (66)

	','  shift 191
	.  error


state 154
	BoundVariable : VAR . IDENTIFIER  (55)

	IDENTIFIER  shift 192
	.  error


state 155
	Type : Type . '[' ']'  (11)
	BoundVariable : Type . IDENTIFIER  (56)

	IDENTIFIER  shift 193
	'['  shift 29
	.  error


state 156
	ForeachStmt : FOREACH '(' BoundVariable . IN Expr whileExpr ')' AttachedStmtBlock  (54)

	IN  shift 194
	.  error


state 157
	Receiver : Expr . '.'  (70)
	LValue : Expr . '[' Expr ']'  (73)
	Expr : Expr . DADD Expr  (79)
	Expr : Expr . DMOD Expr  (80)
	Expr : Expr . '+' Expr  (81)
	Expr : Expr . '-' Expr  (82)
	Expr : Expr . '*' Expr  (83)
	Expr : Expr . '/' Expr  (84)
	Expr : Expr . '%' Expr  (85)
	Expr : Expr . EQUAL Expr  (86)
	Expr : Expr . NOT_EQUAL Expr  (87)
	Expr : Expr . '<' Expr  (88)
	Expr : Expr . '>' Expr  (89)
	Expr : Expr . LESS_EQUAL Expr  (90)
	Expr : Expr . GREATER_EQUAL Expr  (91)
	Expr : Expr . AND Expr  (92)
	Expr : Expr AND Expr .  (92)
	Expr : Expr . OR Expr  (93)
	Expr : Expr . '[' Expr ':' Expr ']'  (104)
	Expr : Expr . '[' Expr ']' DEFAULT Expr  (105)

	LESS_EQUAL  shift 119
	GREATER_EQUAL  shift 120
	EQUAL  shift 121
	NOT_EQUAL  shift 122
	'+'  shift 123
	'-'  shift 124
	'*'  shift 125
	'/'  shift 126
	'%'  shift 127
	'>'  shift 128
	'<'  shift 129
	'.'  shift 130
	'['  shift 131
	DMOD  shift 132
	DADD  shift 133
	WHILE  reduce 92
	FOR  reduce 92
	IF  reduce 92
	AND  reduce 92
	OR  reduce 92
	','  reduce 92
	';'  reduce 92
	')'  reduce 92
	']'  reduce 92
	':'  reduce 92


state 158
	Receiver : Expr . '.'  (70)
	LValue : Expr . '[' Expr ']'  (73)
	Expr : Expr . DADD Expr  (79)
	Expr : Expr . DMOD Expr  (80)
	Expr : Expr . '+' Expr  (81)
	Expr : Expr . '-' Expr  (82)
	Expr : Expr . '*' Expr  (83)
	Expr : Expr . '/' Expr  (84)
	Expr : Expr . '%' Expr  (85)
	Expr : Expr . EQUAL Expr  (86)
	Expr : Expr . NOT_EQUAL Expr  (87)
	Expr : Expr . '<' Expr  (88)
	Expr : Expr . '>' Expr  (89)
	Expr : Expr . LESS_EQUAL Expr  (90)
	Expr : Expr . GREATER_EQUAL Expr  (91)
	Expr : Expr . AND Expr  (92)
	Expr : Expr . OR Expr  (93)
	Expr : Expr OR Expr .  (93)
	Expr : Expr . '[' Expr ':' Expr ']'  (104)
	Expr : Expr . '[' Expr ']' DEFAULT Expr  (105)

	AND  shift 117
	LESS_EQUAL  shift 119
	GREATER_EQUAL  shift 120
	EQUAL  shift 121
	NOT_EQUAL  shift 122
	'+'  shift 123
	'-'  shift 124
	'*'  shift 125
	'/'  shift 126
	'%'  shift 127
	'>'  shift 128
	'<'  shift 129
	'.'  shift 130
	'['  shift 131
	DMOD  shift 132
	DADD  shift 133
	WHILE  reduce 93
	FOR  reduce 93
	IF  reduce 93
	OR  reduce 93
	','  reduce 93
	';'  reduce 93
	')'  reduce 93
	']'  reduce 93
	':'  reduce 93


state 159
	Receiver : Expr . '.'  (70)
	LValue : Expr . '[' Expr ']'  (73)
	Expr : Expr . DADD Expr  (79)
	Expr : Expr . DMOD Expr  (80)
	Expr : Expr . '+' Expr  (81)
	Expr : Expr . '-' Expr  (82)
	Expr : Expr . '*' Expr  (83)
	Expr : Expr . '/' Expr  (84)
	Expr : Expr . '%' Expr  (85)
	Expr : Expr . EQUAL Expr  (86)
	Expr : Expr . NOT_EQUAL Expr  (87)
	Expr : Expr . '<' Expr  (88)
	Expr : Expr . '>' Expr  (89)
	Expr : Expr . LESS_EQUAL Expr  (90)
	Expr : Expr LESS_EQUAL Expr .  (90)
	Expr : Expr . GREATER_EQUAL Expr  (91)
	Expr : Expr . AND Expr  (92)
	Expr : Expr . OR Expr  (93)
	Expr : Expr . '[' Expr ':' Expr ']'  (104)
	Expr : Expr . '[' Expr ']' DEFAULT Expr  (105)

	'+'  shift 123
	'-'  shift 124
	'*'  shift 125
	'/'  shift 126
	'%'  shift 127
	'.'  shift 130
	'['  shift 131
	DMOD  shift 132
	DADD  shift 133
	WHILE  reduce 90
	FOR  reduce 90
	IF  reduce 90
	AND  reduce 90
	OR  reduce 90
	EQUAL  reduce 90
	NOT_EQUAL  reduce 90
	','  reduce 90
	';'  reduce 90
	')'  reduce 90
	']'  reduce 90
	':'  reduce 90


state 160
	Receiver : Expr . '.'  (70)
	LValue : Expr . '[' Expr ']'  (73)
	Expr : Expr . DADD Expr  (79)
	Expr : Expr . DMOD Expr  (80)
	Expr : Expr . '+' Expr  (81)
	Expr : Expr . '-' Expr  (82)
	Expr : Expr . '*' Expr  (83)
	Expr : Expr . '/' Expr  (84)
	Expr : Expr . '%' Expr  (85)
	Expr : Expr . EQUAL Expr  (86)
	Expr : Expr . NOT_EQUAL Expr  (87)
	Expr : Expr . '<' Expr  (88)
	Expr : Expr . '>' Expr  (89)
	Expr : Expr . LESS_EQUAL Expr  (90)
	Expr : Expr . GREATER_EQUAL Expr  (91)
	Expr : Expr GREATER_EQUAL Expr .  (91)
	Expr : Expr . AND Expr  (92)
	Expr : Expr . OR Expr  (93)
	Expr : Expr . '[' Expr ':' Expr ']'  (104)
	Expr : Expr . '[' Expr ']' DEFAULT Expr  (105)

	'+'  shift 123
	'-'  shift 124
	'*'  shift 125
	'/'  shift 126
	'%'  shift 127
	'.'  shift 130
	'['  shift 131
	DMOD  shift 132
	DADD  shift 133
	WHILE  reduce 91
	FOR  reduce 91
	IF  reduce 91
	AND  reduce 91
	OR  reduce 91
	EQUAL  reduce 91
	NOT_EQUAL  reduce 91
	','  reduce 91
	';'  reduce 91
	')'  reduce 91
	']'  reduce 91
	':'  reduce 91


state 161
	Receiver : Expr . '.'  (70)
	LValue : Expr . '[' Expr ']'  (73)
	Expr : Expr . DADD Expr  (79)
	Expr : Expr . DMOD Expr  (80)
	Expr : Expr . '+' Expr  (81)
	Expr : Expr . '-' Expr  (82)
	Expr : Expr . '*' Expr  (83)
	Expr : Expr . '/' Expr  (84)
	Expr : Expr . '%' Expr  (85)
	Expr : Expr . EQUAL Expr  (86)
	Expr : Expr EQUAL Expr .  (86)
	Expr : Expr . NOT_EQUAL Expr  (87)
	Expr : Expr . '<' Expr  (88)
	Expr : Expr . '>' Expr  (89)
	Expr : Expr . LESS_EQUAL Expr  (90)
	Expr : Expr . GREATER_EQUAL Expr  (91)
	Expr : Expr . AND Expr  (92)
	Expr : Expr . OR Expr  (93)
	Expr : Expr . '[' Expr ':' Expr ']'  (104)
	Expr : Expr . '[' Expr ']' DEFAULT Expr  (105)

	LESS_EQUAL  shift 119
	GREATER_EQUAL  shift 120
	'+'  shift 123
	'-'  shift 124
	'*'  shift 125
	'/'  shift 126
	'%'  shift 127
	'>'  shift 128
	'<'  shift 129
	'.'  shift 130
	'['  shift 131
	DMOD  shift 132
	DADD  shift 133
	WHILE  reduce 86
	FOR  reduce 86
	IF  reduce 86
	AND  reduce 86
	OR  reduce 86
	','  reduce 86
	';'  reduce 86
	')'  reduce 86
	']'  reduce 86
	':'  reduce 86


state 162
	Receiver : Expr . '.'  (70)
	LValue : Expr . '[' Expr ']'  (73)
	Expr : Expr . DADD Expr  (79)
	Expr : Expr . DMOD Expr  (80)
	Expr : Expr . '+' Expr  (81)
	Expr : Expr . '-' Expr  (82)
	Expr : Expr . '*' Expr  (83)
	Expr : Expr . '/' Expr  (84)
	Expr : Expr . '%' Expr  (85)
	Expr : Expr . EQUAL Expr  (86)
	Expr : Expr . NOT_EQUAL Expr  (87)
	Expr : Expr NOT_EQUAL Expr .  (87)
	Expr : Expr . '<' Expr  (88)
	Expr : Expr . '>' Expr  (89)
	Expr : Expr . LESS_EQUAL Expr  (90)
	Expr : Expr . GREATER_EQUAL Expr  (91)
	Expr : Expr . AND Expr  (92)
	Expr : Expr . OR Expr  (93)
	Expr : Expr . '[' Expr ':' Expr ']'  (104)
	Expr : Expr . '[' Expr ']' DEFAULT Expr  (105)

	LESS_EQUAL  shift 119
	GREATER_EQUAL  shift 120
	'+'  shift 123
	'-'  shift 124
	'*'  shift 125
	'/'  shift 126
	'%'  shift 127
	'>'  shift 128
	'<'  shift 129
	'.'  shift 130
	'['  shift 131
	DMOD  shift 132
	DADD  shift 133
	WHILE  reduce 87
	FOR  reduce 87
	IF  reduce 87
	AND  reduce 87
	OR  reduce 87
	','  reduce 87
	';'  reduce 87
	')'  reduce 87
	']'  reduce 87
	':'  reduce 87


state 163
	Receiver : Expr . '.'  (70)
	LValue : Expr . '[' Expr ']'  (73)
	Expr : Expr . DADD Expr  (79)
	Expr : Expr . DMOD Expr  (80)
	Expr : Expr . '+' Expr  (81)
	Expr : Expr '+' Expr .  (81)
	Expr : Expr . '-' Expr  (82)
	Expr : Expr . '*' Expr  (83)
	Expr : Expr . '/' Expr  (84)
	Expr : Expr . '%' Expr  (85)
	Expr : Expr . EQUAL Expr  (86)
	Expr : Expr . NOT_EQUAL Expr  (87)
	Expr : Expr . '<' Expr  (88)
	Expr : Expr . '>' Expr  (89)
	Expr : Expr . LESS_EQUAL Expr  (90)
	Expr : Expr . GREATER_EQUAL Expr  (91)
	Expr : Expr . AND Expr  (92)
	Expr : Expr . OR Expr  (93)
	Expr : Expr . '[' Expr ':' Expr ']'  (104)
	Expr : Expr . '[' Expr ']' DEFAULT Expr  (105)

	'*'  shift 125
	'/'  shift 126
	'%'  shift 127
	'.'  shift 130
	'['  shift 131
	WHILE  reduce 81
	FOR  reduce 81
	IF  reduce 81
	AND  reduce 81
	OR  reduce 81
	LESS_EQUAL  reduce 81
	GREATER_EQUAL  reduce 81
	EQUAL  reduce 81
	NOT_EQUAL  reduce 81
	'+'  reduce 81
	'-'  reduce 81
	'>'  reduce 81
	'<'  reduce 81
	','  reduce 81
	';'  reduce 81
	')'  reduce 81
	']'  reduce 81
	':'  reduce 81
	DMOD  reduce 81
	DADD  reduce 81


state 164
	Receiver : Expr . '.'  (70)
	LValue : Expr . '[' Expr ']'  (73)
	Expr : Expr . DADD Expr  (79)
	Expr : Expr . DMOD Expr  (80)
	Expr : Expr . '+' Expr  (81)
	Expr : Expr . '-' Expr  (82)
	Expr : Expr '-' Expr .  (82)
	Expr : Expr . '*' Expr  (83)
	Expr : Expr . '/' Expr  (84)
	Expr : Expr . '%' Expr  (85)
	Expr : Expr . EQUAL Expr  (86)
	Expr : Expr . NOT_EQUAL Expr  (87)
	Expr : Expr . '<' Expr  (88)
	Expr : Expr . '>' Expr  (89)
	Expr : Expr . LESS_EQUAL Expr  (90)
	Expr : Expr . GREATER_EQUAL Expr  (91)
	Expr : Expr . AND Expr  (92)
	Expr : Expr . OR Expr  (93)
	Expr : Expr . '[' Expr ':' Expr ']'  (104)
	Expr : Expr . '[' Expr ']' DEFAULT Expr  (105)

	'*'  shift 125
	'/'  shift 126
	'%'  shift 127
	'.'  shift 130
	'['  shift 131
	WHILE  reduce 82
	FOR  reduce 82
	IF  reduce 82
	AND  reduce 82
	OR  reduce 82
	LESS_EQUAL  reduce 82
	GREATER_EQUAL  reduce 82
	EQUAL  reduce 82
	NOT_EQUAL  reduce 82
	'+'  reduce 82
	'-'  reduce 82
	'>'  reduce 82
	'<'  reduce 82
	','  reduce 82
	';'  reduce 82
	')'  reduce 82
	']'  reduce 82
	':'  reduce 82
	DMOD  reduce 82
	DADD  reduce 82


state 165
	Receiver : Expr . '.'  (70)
	LValue : Expr . '[' Expr ']'  (73)
	Expr : Expr . DADD Expr  (79)
	Expr : Expr . DMOD Expr  (80)
	Expr : Expr . '+' Expr  (81)
	Expr : Expr . '-' Expr  (82)
	Expr : Expr . '*' Expr  (83)
	Expr : Expr '*' Expr .  (83)
	Expr : Expr . '/' Expr  (84)
	Expr : Expr . '%' Expr  (85)
	Expr : Expr . EQUAL Expr  (86)
	Expr : Expr . NOT_EQUAL Expr  (87)
	Expr : Expr . '<' Expr  (88)
	Expr : Expr . '>' Expr  (89)
	Expr : Expr . LESS_EQUAL Expr  (90)
	Expr : Expr . GREATER_EQUAL Expr  (91)
	Expr : Expr . AND Expr  (92)
	Expr : Expr . OR Expr  (93)
	Expr : Expr . '[' Expr ':' Expr ']'  (104)
	Expr : Expr . '[' Expr ']' DEFAULT Expr  (105)

	'.'  shift 130
	'['  shift 131
	WHILE  reduce 83
	FOR  reduce 83
	IF  reduce 83
	AND  reduce 83
	OR  reduce 83
	LESS_EQUAL  reduce 83
	GREATER_EQUAL  reduce 83
	EQUAL  reduce 83
	NOT_EQUAL  reduce 83
	'+'  reduce 83
	'-'  reduce 83
	'*'  reduce 83
	'/'  reduce 83
	'%'  reduce 83
	'>'  reduce 83
	'<'  reduce 83
	','  reduce 83
	';'  reduce 83
	')'  reduce 83
	']'  reduce 83
	':'  reduce 83
	DMOD  reduce 83
	DADD  reduce 83


state 166
	Receiver : Expr . '.'  (70)
	LValue : Expr . '[' Expr ']'  (73)
	Expr : Expr . DADD Expr  (79)
	Expr : Expr . DMOD Expr  (80)
	Expr : Expr . '+' Expr  (81)
	Expr : Expr . '-' Expr  (82)
	Expr : Expr . '*' Expr  (83)
	Expr : Expr . '/' Expr  (84)
	Expr : Expr '/' Expr .  (84)
	Expr : Expr . '%' Expr  (85)
	Expr : Expr . EQUAL Expr  (86)
	Expr : Expr . NOT_EQUAL Expr  (87)
	Expr : Expr . '<' Expr  (88)
	Expr : Expr . '>' Expr  (89)
	Expr : Expr . LESS_EQUAL Expr  (90)
	Expr : Expr . GREATER_EQUAL Expr  (91)
	Expr : Expr . AND Expr  (92)
	Expr : Expr . OR Expr  (93)
	Expr : Expr . '[' Expr ':' Expr ']'  (104)
	Expr : Expr . '[' Expr ']' DEFAULT Expr  (105)

	'.'  shift 130
	'['  shift 131
	WHILE  reduce 84
	FOR  reduce 84
	IF  reduce 84
	AND  reduce 84
	OR  reduce 84
	LESS_EQUAL  reduce 84
	GREATER_EQUAL  reduce 84
	EQUAL  reduce 84
	NOT_EQUAL  reduce 84
	'+'  reduce 84
	'-'  reduce 84
	'*'  reduce 84
	'/'  reduce 84
	'%'  reduce 84
	'>'  reduce 84
	'<'  reduce 84
	','  reduce 84
	';'  reduce 84
	')'  reduce 84
	']'  reduce 84
	':'  reduce 84
	DMOD  reduce 84
	DADD  reduce 84


state 167
	Receiver : Expr . '.'  (70)
	LValue : Expr . '[' Expr ']'  (73)
	Expr : Expr . DADD Expr  (79)
	Expr : Expr . DMOD Expr  (80)
	Expr : Expr . '+' Expr  (81)
	Expr : Expr . '-' Expr  (82)
	Expr : Expr . '*' Expr  (83)
	Expr : Expr . '/' Expr  (84)
	Expr : Expr . '%' Expr  (85)
	Expr : Expr '%' Expr .  (85)
	Expr : Expr . EQUAL Expr  (86)
	Expr : Expr . NOT_EQUAL Expr  (87)
	Expr : Expr . '<' Expr  (88)
	Expr : Expr . '>' Expr  (89)
	Expr : Expr . LESS_EQUAL Expr  (90)
	Expr : Expr . GREATER_EQUAL Expr  (91)
	Expr : Expr . AND Expr  (92)
	Expr : Expr . OR Expr  (93)
	Expr : Expr . '[' Expr ':' Expr ']'  (104)
	Expr : Expr . '[' Expr ']' DEFAULT Expr  (105)

	'.'  shift 130
	'['  shift 131
	WHILE  reduce 85
	FOR  reduce 85
	IF  reduce 85
	AND  reduce 85
	OR  reduce 85
	LESS_EQUAL  reduce 85
	GREATER_EQUAL  reduce 85
	EQUAL  reduce 85
	NOT_EQUAL  reduce 85
	'+'  reduce 85
	'-'  reduce 85
	'*'  reduce 85
	'/'  reduce 85
	'%'  reduce 85
	'>'  reduce 85
	'<'  reduce 85
	','  reduce 85
	';'  reduce 85
	')'  reduce 85
	']'  reduce 85
	':'  reduce 85
	DMOD  reduce 85
	DADD  reduce 85


state 168
	Receiver : Expr . '.'  (70)
	LValue : Expr . '[' Expr ']'  (73)
	Expr : Expr . DADD Expr  (79)
	Expr : Expr . DMOD Expr  (80)
	Expr : Expr . '+' Expr  (81)
	Expr : Expr . '-' Expr  (82)
	Expr : Expr . '*' Expr  (83)
	Expr : Expr . '/' Expr  (84)
	Expr : Expr . '%' Expr  (85)
	Expr : Expr . EQUAL Expr  (86)
	Expr : Expr . NOT_EQUAL Expr  (87)
	Expr : Expr . '<' Expr  (88)
	Expr : Expr . '>' Expr  (89)
	Expr : Expr '>' Expr .  (89)
	Expr : Expr . LESS_EQUAL Expr  (90)
	Expr : Expr . GREATER_EQUAL Expr  (91)
	Expr : Expr . AND Expr  (92)
	Expr : Expr . OR Expr  (93)
	Expr : Expr . '[' Expr ':' Expr ']'  (104)
	Expr : Expr . '[' Expr ']' DEFAULT Expr  (105)

	'+'  shift 123
	'-'  shift 124
	'*'  shift 125
	'/'  shift 126
	'%'  shift 127
	'.'  shift 130
	'['  shift 131
	DMOD  shift 132
	DADD  shift 133
	WHILE  reduce 89
	FOR  reduce 89
	IF  reduce 89
	AND  reduce 89
	OR  reduce 89
	EQUAL  reduce 89
	NOT_EQUAL  reduce 89
	','  reduce 89
	';'  reduce 89
	')'  reduce 89
	']'  reduce 89
	':'  reduce 89


state 169
	Receiver : Expr . '.'  (70)
	LValue : Expr . '[' Expr ']'  (73)
	Expr : Expr . DADD Expr  (79)
	Expr : Expr . DMOD Expr  (80)
	Expr : Expr . '+' Expr  (81)
	Expr : Expr . '-' Expr  (82)
	Expr : Expr . '*' Expr  (83)
	Expr : Expr . '/' Expr  (84)
	Expr : Expr . '%' Expr  (85)
	Expr : Expr . EQUAL Expr  (86)
	Expr : Expr . NOT_EQUAL Expr  (87)
	Expr : Expr . '<' Expr  (88)
	Expr : Expr '<' Expr .  (88)
	Expr : Expr . '>' Expr  (89)
	Expr : Expr . LESS_EQUAL Expr  (90)
	Expr : Expr . GREATER_EQUAL Expr  (91)
	Expr : Expr . AND Expr  (92)
	Expr : Expr . OR Expr  (93)
	Expr : Expr . '[' Expr ':' Expr ']'  (104)
	Expr : Expr . '[' Expr ']' DEFAULT Expr  (105)

	'+'  shift 123
	'-'  shift 124
	'*'  shift 125
	'/'  shift 126
	'%'  shift 127
	'.'  shift 130
	'['  shift 131
	DMOD  shift 132
	DADD  shift 133
	WHILE  reduce 88
	FOR  reduce 88
	IF  reduce 88
	AND  reduce 88
	OR  reduce 88
	EQUAL  reduce 88
	NOT_EQUAL  reduce 88
	','  reduce 88
	';'  reduce 88
	')'  reduce 88
	']'  reduce 88
	':'  reduce 88


state 170
	Receiver : Expr . '.'  (70)
	LValue : Expr . '[' Expr ']'  (73)
	LValue : Expr '[' Expr . ']'  (73)
	Expr : Expr . DADD Expr  (79)
	Expr : Expr . DMOD Expr  (80)
	Expr : Expr . '+' Expr  (81)
	Expr : Expr . '-' Expr  (82)
	Expr : Expr . '*' Expr  (83)
	Expr : Expr . '/' Expr  (84)
	Expr : Expr . '%' Expr  (85)
	Expr : Expr . EQUAL Expr  (86)
	Expr : Expr . NOT_EQUAL Expr  (87)
	Expr : Expr . '<' Expr  (88)
	Expr : Expr . '>' Expr  (89)
	Expr : Expr . LESS_EQUAL Expr  (90)
	Expr : Expr . GREATER_EQUAL Expr  (91)
	Expr : Expr . AND Expr  (92)
	Expr : Expr . OR Expr  (93)
	Expr : Expr . '[' Expr ':' Expr ']'  (104)
	Expr : Expr '[' Expr . ':' Expr ']'  (104)
	Expr : Expr . '[' Expr ']' DEFAULT Expr  (105)
	Expr : Expr '[' Expr . ']' DEFAULT Expr  (105)

	AND  shift 117
	OR  shift 118
	LESS_EQUAL  shift 119
	GREATER_EQUAL  shift 120
	EQUAL  shift 121
	NOT_EQUAL  shift 122
	'+'  shift 123
	'-'  shift 124
	'*'  shift 125
	'/'  shift 126
	'%'  shift 127
	'>'  shift 128
	'<'  shift 129
	'.'  shift 130
	'['  shift 131
	']'  shift 195
	':'  shift 196
	DMOD  shift 132
	DADD  shift 133
	.  error


state 171
	Receiver : Expr . '.'  (70)
	LValue : Expr . '[' Expr ']'  (73)
	Expr : Expr . DADD Expr  (79)
	Expr : Expr . DMOD Expr  (80)
	Expr : Expr DMOD Expr .  (80)
	Expr : Expr . '+' Expr  (81)
	Expr : Expr . '-' Expr  (82)
	Expr : Expr . '*' Expr  (83)
	Expr : Expr . '/' Expr  (84)
	Expr : Expr . '%' Expr  (85)
	Expr : Expr . EQUAL Expr  (86)
	Expr : Expr . NOT_EQUAL Expr  (87)
	Expr : Expr . '<' Expr  (88)
	Expr : Expr . '>' Expr  (89)
	Expr : Expr . LESS_EQUAL Expr  (90)
	Expr : Expr . GREATER_EQUAL Expr  (91)
	Expr : Expr . AND Expr  (92)
	Expr : Expr . OR Expr  (93)
	Expr : Expr . '[' Expr ':' Expr ']'  (104)
	Expr : Expr . '[' Expr ']' DEFAULT Expr  (105)

	'+'  shift 123
	'-'  shift 124
	'*'  shift 125
	'/'  shift 126
	'%'  shift 127
	'.'  shift 130
	'['  shift 131
	WHILE  reduce 80
	FOR  reduce 80
	IF  reduce 80
	AND  reduce 80
	OR  reduce 80
	LESS_EQUAL  reduce 80
	GREATER_EQUAL  reduce 80
	EQUAL  reduce 80
	NOT_EQUAL  reduce 80
	'>'  reduce 80
	'<'  reduce 80
	','  reduce 80
	';'  reduce 80
	')'  reduce 80
	']'  reduce 80
	':'  reduce 80
	DMOD  reduce 80
	DADD  reduce 80


state 172
	Receiver : Expr . '.'  (70)
	LValue : Expr . '[' Expr ']'  (73)
	Expr : Expr . DADD Expr  (79)
	Expr : Expr DADD Expr .  (79)
	Expr : Expr . DMOD Expr  (80)
	Expr : Expr . '+' Expr  (81)
	Expr : Expr . '-' Expr  (82)
	Expr : Expr . '*' Expr  (83)
	Expr : Expr . '/' Expr  (84)
	Expr : Expr . '%' Expr  (85)
	Expr : Expr . EQUAL Expr  (86)
	Expr : Expr . NOT_EQUAL Expr  (87)
	Expr : Expr . '<' Expr  (88)
	Expr : Expr . '>' Expr  (89)
	Expr : Expr . LESS_EQUAL Expr  (90)
	Expr : Expr . GREATER_EQUAL Expr  (91)
	Expr : Expr . AND Expr  (92)
	Expr : Expr . OR Expr  (93)
	Expr : Expr . '[' Expr ':' Expr ']'  (104)
	Expr : Expr . '[' Expr ']' DEFAULT Expr  (105)

	'+'  shift 123
	'-'  shift 124
	'*'  shift 125
	'/'  shift 126
	'%'  shift 127
	'.'  shift 130
	'['  shift 131
	DMOD  shift 132
	DADD  shift 133
	WHILE  reduce 79
	FOR  reduce 79
	IF  reduce 79
	AND  reduce 79
	OR  reduce 79
	LESS_EQUAL  reduce 79
	GREATER_EQUAL  reduce 79
	EQUAL  reduce 79
	NOT_EQUAL  reduce 79
	'>'  reduce 79
	'<'  reduce 79
	','  reduce 79
	';'  reduce 79
	')'  reduce 79
	']'  reduce 79
	':'  reduce 79


state 173
	SimpleStmt : LValue '=' Expr .  (67)
	Receiver : Expr . '.'  (70)
	LValue : Expr . '[' Expr ']'  (73)
	Expr : Expr . DADD Expr  (79)
	Expr : Expr . DMOD Expr  (80)
	Expr : Expr . '+' Expr  (81)
	Expr : Expr . '-' Expr  (82)
	Expr : Expr . '*' Expr  (83)
	Expr : Expr . '/' Expr  (84)
	Expr : Expr . '%' Expr  (85)
	Expr : Expr . EQUAL Expr  (86)
	Expr : Expr . NOT_EQUAL Expr  (87)
	Expr : Expr . '<' Expr  (88)
	Expr : Expr . '>' Expr  (89)
	Expr : Expr . LESS_EQUAL Expr  (90)
	Expr : Expr . GREATER_EQUAL Expr  (91)
	Expr : Expr . AND Expr  (92)
	Expr : Expr . OR Expr  (93)
	Expr : Expr . '[' Expr ':' Expr ']'  (104)
	Expr : Expr . '[' Expr ']' DEFAULT Expr  (105)

	AND  shift 117
	OR  shift 118
	LESS_EQUAL  shift 119
	GREATER_EQUAL  shift 120
	EQUAL  shift 121
	NOT_EQUAL  shift 122
	'+'  shift 123
	'-'  shift 124
	'*'  shift 125
	'/'  shift 126
	'%'  shift 127
	'>'  shift 128
	'<'  shift 129
	'.'  shift 130
	'['  shift 131
	DMOD  shift 132
	DADD  shift 133
	';'  reduce 67
	')'  reduce 67


state 174
	Call : Receiver IDENTIFIER '(' . Actuals ')'  (75)
	Receiver : .  (71)
	Actuals : .  (118)

	NULL  shift 48
	THIS  shift 49
	NEW  shift 55
	READ_INTEGER  shift 57
	READ_LINE  shift 58
	LITERAL  shift 59
	INSTANCEOF  shift 60
	'-'  shift 61
	'!'  shift 62
	'('  shift 63
	'['  shift 64
	VAR  shift 67
	IDENTIFIER  reduce 71
	')'  reduce 118

	Expr  goto 143
	LValue  goto 93
	Call  goto 94
	Receiver  goto 85
	Actuals  goto 197
	Constant  goto 86
	ArrayConstant  goto 87
	ExprList  goto 198


state 175
	WhileStmt : WHILE '(' Expr ')' . Stmt  (121)
	SimpleStmt : .  (69)
	Receiver : .  (71)

	VOID  shift 14
	BOOL  shift 15
	INT  shift 16
	STRING  shift 17
	CLASS  shift 18
	NULL  shift 48
	THIS  shift 49
	WHILE  shift 50
	FOR  shift 51
	IF  shift 52
	RETURN  shift 53
	BREAK  shift 54
	NEW  shift 55
	PRINT  shift 56
	READ_INTEGER  shift 57
	READ_LINE  shift 58
	LITERAL  shift 59
	INSTANCEOF  shift 60
	'-'  shift 61
	'!'  shift 62
	'('  shift 63
	'['  shift 64
	'{'  shift 43
	SCOPY  shift 66
	VAR  shift 67
	FOREACH  shift 68
	IDENTIFIER  reduce 71
	';'  reduce 69

	VariableDef  goto 69
	Variable  goto 22
	Type  goto 35
	StmtBlock  goto 70
	Stmt  goto 199
	SimpleStmt  goto 72
	IfStmt  goto 73
	WhileStmt  goto 74
	ForStmt  goto 75
	ReturnStmt  goto 76
	PrintStmt  goto 77
	BreakStmt  goto 78
	OCStmt  goto 79
	GuardedStmt  goto 80
	ForeachStmt  goto 81
	Expr  goto 82
	LValue  goto 83
	Call  goto 84
	Receiver  goto 85
	Constant  goto 86
	ArrayConstant  goto 87


state 176
	ForStmt : FOR '(' SimpleStmt ';' . Expr ';' SimpleStmt ')' Stmt  (122)
	Receiver : .  (71)

	NULL  shift 48
	THIS  shift 49
	NEW  shift 55
	READ_INTEGER  shift 57
	READ_LINE  shift 58
	LITERAL  shift 59
	INSTANCEOF  shift 60
	'-'  shift 61
	'!'  shift 62
	'('  shift 63
	'['  shift 64
	VAR  shift 67
	IDENTIFIER  reduce 71

	Expr  goto 200
	LValue  goto 93
	Call  goto 94
	Receiver  goto 85
	Constant  goto 86
	ArrayConstant  goto 87


state 177
	IfStmt : IF '(' Expr ')' . Stmt ElseClause  (124)
	SimpleStmt : .  (69)
	Receiver : .  (71)

	VOID  shift 14
	BOOL  shift 15
	INT  shift 16
	STRING  shift 17
	CLASS  shift 18
	NULL  shift 48
	THIS  shift 49
	WHILE  shift 50
	FOR  shift 51
	IF  shift 52
	RETURN  shift 53
	BREAK  shift 54
	NEW  shift 55
	PRINT  shift 56
	READ_INTEGER  shift 57
	READ_LINE  shift 58
	LITERAL  shift 59
	INSTANCEOF  shift 60
	'-'  shift 61
	'!'  shift 62
	'('  shift 63
	'['  shift 64
	'{'  shift 43
	SCOPY  shift 66
	VAR  shift 67
	FOREACH  shift 68
	IDENTIFIER  reduce 71
	';'  reduce 69

	VariableDef  goto 69
	Variable  goto 22
	Type  goto 35
	StmtBlock  goto 70
	Stmt  goto 201
	SimpleStmt  goto 72
	IfStmt  goto 73
	WhileStmt  goto 74
	ForStmt  goto 75
	ReturnStmt  goto 76
	PrintStmt  goto 77
	BreakStmt  goto 78
	OCStmt  goto 79
	GuardedStmt  goto 80
	ForeachStmt  goto 81
	Expr  goto 82
	LValue  goto 83
	Call  goto 84
	Receiver  goto 85
	Constant  goto 86
	ArrayConstant  goto 87


state 178
	GuardedStmt : IF '{' GuardedCont '}' .  (59)

	.  reduce 59


state 179
	IfSubStmt : Expr . ':' Stmt  (65)
	Receiver : Expr . '.'  (70)
	LValue : Expr . '[' Expr ']'  (73)
	Expr : Expr . DADD Expr  (79)
	Expr : Expr . DMOD Expr  (80)
	Expr : Expr . '+' Expr  (81)
	Expr : Expr . '-' Expr  (82)
	Expr : Expr . '*' Expr  (83)
	Expr : Expr . '/' Expr  (84)
	Expr : Expr . '%' Expr  (85)
	Expr : Expr . EQUAL Expr  (86)
	Expr : Expr . NOT_EQUAL Expr  (87)
	Expr : Expr . '<' Expr  (88)
	Expr : Expr . '>' Expr  (89)
	Expr : Expr . LESS_EQUAL Expr  (90)
	Expr : Expr . GREATER_EQUAL Expr  (91)
	Expr : Expr . AND Expr  (92)
	Expr : Expr . OR Expr  (93)
	Expr : Expr . '[' Expr ':' Expr ']'  (104)
	Expr : Expr . '[' Expr ']' DEFAULT Expr  (105)

	AND  shift 117
	OR  shift 118
	LESS_EQUAL  shift 119
	GREATER_EQUAL  shift 120
	EQUAL  shift 121
	NOT_EQUAL  shift 122
	'+'  shift 123
	'-'  shift 124
	'*'  shift 125
	'/'  shift 126
	'%'  shift 127
	'>'  shift 128
	'<'  shift 129
	'.'  shift 130
	'['  shift 131
	':'  shift 202
	DMOD  shift 132
	DADD  shift 133
	.  error


state 180
	GuardedCont : IfBranchs IfSubStmt .  (60)
	IfBranch : IfSubStmt . TOR  (64)

	TOR  shift 203
	'}'  reduce 60


state 181
	IfBranchs : IfBranchs IfBranch .  (62)

	.  reduce 62


state 182
	Expr : NEW IDENTIFIER '(' ')' .  (100)

	.  reduce 100


state 183
	Receiver : Expr . '.'  (70)
	LValue : Expr . '[' Expr ']'  (73)
	Expr : Expr . DADD Expr  (79)
	Expr : Expr . DMOD Expr  (80)
	Expr : Expr . '+' Expr  (81)
	Expr : Expr . '-' Expr  (82)
	Expr : Expr . '*' Expr  (83)
	Expr : Expr . '/' Expr  (84)
	Expr : Expr . '%' Expr  (85)
	Expr : Expr . EQUAL Expr  (86)
	Expr : Expr . NOT_EQUAL Expr  (87)
	Expr : Expr . '<' Expr  (88)
	Expr : Expr . '>' Expr  (89)
	Expr : Expr . LESS_EQUAL Expr  (90)
	Expr : Expr . GREATER_EQUAL Expr  (91)
	Expr : Expr . AND Expr  (92)
	Expr : Expr . OR Expr  (93)
	Expr : NEW Type '[' Expr . ']'  (101)
	Expr : Expr . '[' Expr ':' Expr ']'  (104)
	Expr : Expr . '[' Expr ']' DEFAULT Expr  (105)

	AND  shift 117
	OR  shift 118
	LESS_EQUAL  shift 119
	GREATER_EQUAL  shift 120
	EQUAL  shift 121
	NOT_EQUAL  shift 122
	'+'  shift 123
	'-'  shift 124
	'*'  shift 125
	'/'  shift 126
	'%'  shift 127
	'>'  shift 128
	'<'  shift 129
	'.'  shift 130
	'['  shift 131
	']'  shift 204
	DMOD  shift 132
	DADD  shift 133
	.  error


state 184
	ExprList : ExprList ',' . Expr  (119)
	Receiver : .  (71)

	NULL  shift 48
	THIS  shift 49
	NEW  shift 55
	READ_INTEGER  shift 57
	READ_LINE  shift 58
	LITERAL  shift 59
	INSTANCEOF  shift 60
	'-'  shift 61
	'!'  shift 62
	'('  shift 63
	'['  shift 64
	VAR  shift 67
	IDENTIFIER  reduce 71

	Expr  goto 205
	LValue  goto 93
	Call  goto 94
	Receiver  goto 85
	Constant  goto 86
	ArrayConstant  goto 87


state 185
	PrintStmt : PRINT '(' ExprList ')' .  (129)

	.  reduce 129


state 186
	Expr : INSTANCEOF '(' Expr ',' . IDENTIFIER ')'  (102)

	IDENTIFIER  shift 206
	.  error


state 187
	Expr : '(' CLASS IDENTIFIER ')' . Expr  (103)
	Receiver : .  (71)

	NULL  shift 48
	THIS  shift 49
	NEW  shift 55
	READ_INTEGER  shift 57
	READ_LINE  shift 58
	LITERAL  shift 59
	INSTANCEOF  shift 60
	'-'  shift 61
	'!'  shift 62
	'('  shift 63
	'['  shift 64
	VAR  shift 67
	IDENTIFIER  reduce 71

	Expr  goto 207
	LValue  goto 93
	Call  goto 94
	Receiver  goto 85
	Constant  goto 86
	ArrayConstant  goto 87


state 188
	Expr : '[' Expr FOR IDENTIFIER . IN Expr IfExpr ']'  (106)

	IN  shift 208
	.  error


state 189
	ArrayConstant : '[' . Constants ']'  (113)
	ArrayConstant : '[' . ']'  (114)

	NULL  shift 48
	LITERAL  shift 59
	'['  shift 189
	']'  shift 105
	.  error

	Constant  goto 209
	ArrayConstant  goto 87
	Constants  goto 108


state 190
	Constants : Constants ',' Constant .  (115)

	.  reduce 115


state 191
	OCStmt : SCOPY '(' IDENTIFIER ',' . Expr ')'  (66)
	Receiver : .  (71)

	NULL  shift 48
	THIS  shift 49
	NEW  shift 55
	READ_INTEGER  shift 57
	READ_LINE  shift 58
	LITERAL  shift 59
	INSTANCEOF  shift 60
	'-'  shift 61
	'!'  shift 62
	'('  shift 63
	'['  shift 64
	VAR  shift 67
	IDENTIFIER  reduce 71

	Expr  goto 210
	LValue  goto 93
	Call  goto 94
	Receiver  goto 85
	Constant  goto 86
	ArrayConstant  goto 87


state 192
	BoundVariable : VAR IDENTIFIER .  (55)

	.  reduce 55


state 193
	BoundVariable : Type IDENTIFIER .  (56)

	.  reduce 56


state 194
	ForeachStmt : FOREACH '(' BoundVariable IN . Expr whileExpr ')' AttachedStmtBlock  (54)
	Receiver : .  (71)

	NULL  shift 48
	THIS  shift 49
	NEW  shift 55
	READ_INTEGER  shift 57
	READ_LINE  shift 58
	LITERAL  shift 59
	INSTANCEOF  shift 60
	'-'  shift 61
	'!'  shift 62
	'('  shift 63
	'['  shift 64
	VAR  shift 67
	IDENTIFIER  reduce 71

	Expr  goto 211
	LValue  goto 93
	Call  goto 94
	Receiver  goto 85
	Constant  goto 86
	ArrayConstant  goto 87


state 195
	LValue : Expr '[' Expr ']' .  (73)
	Expr : Expr '[' Expr ']' . DEFAULT Expr  (105)

	DEFAULT  shift 212
	WHILE  reduce 73
	FOR  reduce 73
	IF  reduce 73
	AND  reduce 73
	OR  reduce 73
	LESS_EQUAL  reduce 73
	GREATER_EQUAL  reduce 73
	EQUAL  reduce 73
	NOT_EQUAL  reduce 73
	'+'  reduce 73
	'-'  reduce 73
	'*'  reduce 73
	'/'  reduce 73
	'%'  reduce 73
	'='  reduce 73
	'>'  reduce 73
	'<'  reduce 73
	'.'  reduce 73
	','  reduce 73
	';'  reduce 73
	')'  reduce 73
	'['  reduce 73
	']'  reduce 73
	':'  reduce 73
	DMOD  reduce 73
	DADD  reduce 73


state 196
	Expr : Expr '[' Expr ':' . Expr ']'  (104)
	Receiver : .  (71)

	NULL  shift 48
	THIS  shift 49
	NEW  shift 55
	READ_INTEGER  shift 57
	READ_LINE  shift 58
	LITERAL  shift 59
	INSTANCEOF  shift 60
	'-'  shift 61
	'!'  shift 62
	'('  shift 63
	'['  shift 64
	VAR  shift 67
	IDENTIFIER  reduce 71

	Expr  goto 213
	LValue  goto 93
	Call  goto 94
	Receiver  goto 85
	Constant  goto 86
	ArrayConstant  goto 87


state 197
	Call : Receiver IDENTIFIER '(' Actuals . ')'  (75)

	')'  shift 214
	.  error


state 198
	Actuals : ExprList .  (117)
	ExprList : ExprList . ',' Expr  (119)

	','  shift 184
	')'  reduce 117


state 199
	WhileStmt : WHILE '(' Expr ')' Stmt .  (121)

	.  reduce 121


state 200
	Receiver : Expr . '.'  (70)
	LValue : Expr . '[' Expr ']'  (73)
	Expr : Expr . DADD Expr  (79)
	Expr : Expr . DMOD Expr  (80)
	Expr : Expr . '+' Expr  (81)
	Expr : Expr . '-' Expr  (82)
	Expr : Expr . '*' Expr  (83)
	Expr : Expr . '/' Expr  (84)
	Expr : Expr . '%' Expr  (85)
	Expr : Expr . EQUAL Expr  (86)
	Expr : Expr . NOT_EQUAL Expr  (87)
	Expr : Expr . '<' Expr  (88)
	Expr : Expr . '>' Expr  (89)
	Expr : Expr . LESS_EQUAL Expr  (90)
	Expr : Expr . GREATER_EQUAL Expr  (91)
	Expr : Expr . AND Expr  (92)
	Expr : Expr . OR Expr  (93)
	Expr : Expr . '[' Expr ':' Expr ']'  (104)
	Expr : Expr . '[' Expr ']' DEFAULT Expr  (105)
	ForStmt : FOR '(' SimpleStmt ';' Expr . ';' SimpleStmt ')' Stmt  (122)

	AND  shift 117
	OR  shift 118
	LESS_EQUAL  shift 119
	GREATER_EQUAL  shift 120
	EQUAL  shift 121
	NOT_EQUAL  shift 122
	'+'  shift 123
	'-'  shift 124
	'*'  shift 125
	'/'  shift 126
	'%'  shift 127
	'>'  shift 128
	'<'  shift 129
	'.'  shift 130
	';'  shift 215
	'['  shift 131
	DMOD  shift 132
	DADD  shift 133
	.  error


state 201
	IfStmt : IF '(' Expr ')' Stmt . ElseClause  (124)
	ElseClause : .  (126)

	ELSE  shift 216
	VOID  reduce 126
	BOOL  reduce 126
	INT  reduce 126
	STRING  reduce 126
	CLASS  reduce 126
	NULL  reduce 126
	THIS  reduce 126
	WHILE  reduce 126
	FOR  reduce 126
	IF  reduce 126
	RETURN  reduce 126
	BREAK  reduce 126
	NEW  reduce 126
	PRINT  reduce 126
	READ_INTEGER  reduce 126
	READ_LINE  reduce 126
	LITERAL  reduce 126
	IDENTIFIER  reduce 126
	INSTANCEOF  reduce 126
	'-'  reduce 126
	';'  reduce 126
	'!'  reduce 126
	'('  reduce 126
	'['  reduce 126
	'{'  reduce 126
	'}'  reduce 126
	SCOPY  reduce 126
	TOR  reduce 126
	VAR  reduce 126
	FOREACH  reduce 126

	ElseClause  goto 217


state 202
	IfSubStmt : Expr ':' . Stmt  (65)
	SimpleStmt : .  (69)
	Receiver : .  (71)

	VOID  shift 14
	BOOL  shift 15
	INT  shift 16
	STRING  shift 17
	CLASS  shift 18
	NULL  shift 48
	THIS  shift 49
	WHILE  shift 50
	FOR  shift 51
	IF  shift 52
	RETURN  shift 53
	BREAK  shift 54
	NEW  shift 55
	PRINT  shift 56
	READ_INTEGER  shift 57
	READ_LINE  shift 58
	LITERAL  shift 59
	INSTANCEOF  shift 60
	'-'  shift 61
	'!'  shift 62
	'('  shift 63
	'['  shift 64
	'{'  shift 43
	SCOPY  shift 66
	VAR  shift 67
	FOREACH  shift 68
	IDENTIFIER  reduce 71
	';'  reduce 69

	VariableDef  goto 69
	Variable  goto 22
	Type  goto 35
	StmtBlock  goto 70
	Stmt  goto 218
	SimpleStmt  goto 72
	IfStmt  goto 73
	WhileStmt  goto 74
	ForStmt  goto 75
	ReturnStmt  goto 76
	PrintStmt  goto 77
	BreakStmt  goto 78
	OCStmt  goto 79
	GuardedStmt  goto 80
	ForeachStmt  goto 81
	Expr  goto 82
	LValue  goto 83
	Call  goto 84
	Receiver  goto 85
	Constant  goto 86
	ArrayConstant  goto 87


state 203
	IfBranch : IfSubStmt TOR .  (64)

	.  reduce 64


state 204
	Expr : NEW Type '[' Expr ']' .  (101)

	.  reduce 101


state 205
	Receiver : Expr . '.'  (70)
	LValue : Expr . '[' Expr ']'  (73)
	Expr : Expr . DADD Expr  (79)
	Expr : Expr . DMOD Expr  (80)
	Expr : Expr . '+' Expr  (81)
	Expr : Expr . '-' Expr  (82)
	Expr : Expr . '*' Expr  (83)
	Expr : Expr . '/' Expr  (84)
	Expr : Expr . '%' Expr  (85)
	Expr : Expr . EQUAL Expr  (86)
	Expr : Expr . NOT_EQUAL Expr  (87)
	Expr : Expr . '<' Expr  (88)
	Expr : Expr . '>' Expr  (89)
	Expr : Expr . LESS_EQUAL Expr  (90)
	Expr : Expr . GREATER_EQUAL Expr  (91)
	Expr : Expr . AND Expr  (92)
	Expr : Expr . OR Expr  (93)
	Expr : Expr . '[' Expr ':' Expr ']'  (104)
	Expr : Expr . '[' Expr ']' DEFAULT Expr  (105)
	ExprList : ExprList ',' Expr .  (119)

	AND  shift 117
	OR  shift 118
	LESS_EQUAL  shift 119
	GREATER_EQUAL  shift 120
	EQUAL  shift 121
	NOT_EQUAL  shift 122
	'+'  shift 123
	'-'  shift 124
	'*'  shift 125
	'/'  shift 126
	'%'  shift 127
	'>'  shift 128
	'<'  shift 129
	'.'  shift 130
	'['  shift 131
	DMOD  shift 132
	DADD  shift 133
	','  reduce 119
	')'  reduce 119


state 206
	Expr : INSTANCEOF '(' Expr ',' IDENTIFIER . ')'  (102)

	')'  shift 219
	.  error


state 207
	Receiver : Expr . '.'  (70)
	LValue : Expr . '[' Expr ']'  (73)
	Expr : Expr . DADD Expr  (79)
	Expr : Expr . DMOD Expr  (80)
	Expr : Expr . '+' Expr  (81)
	Expr : Expr . '-' Expr  (82)
	Expr : Expr . '*' Expr  (83)
	Expr : Expr . '/' Expr  (84)
	Expr : Expr . '%' Expr  (85)
	Expr : Expr . EQUAL Expr  (86)
	Expr : Expr . NOT_EQUAL Expr  (87)
	Expr : Expr . '<' Expr  (88)
	Expr : Expr . '>' Expr  (89)
	Expr : Expr . LESS_EQUAL Expr  (90)
	Expr : Expr . GREATER_EQUAL Expr  (91)
	Expr : Expr . AND Expr  (92)
	Expr : Expr . OR Expr  (93)
	Expr : '(' CLASS IDENTIFIER ')' Expr .  (103)
	Expr : Expr . '[' Expr ':' Expr ']'  (104)
	Expr : Expr . '[' Expr ']' DEFAULT Expr  (105)

	.  reduce 103


state 208
	Expr : '[' Expr FOR IDENTIFIER IN . Expr IfExpr ']'  (106)
	Receiver : .  (71)

	NULL  shift 48
	THIS  shift 49
	NEW  shift 55
	READ_INTEGER  shift 57
	READ_LINE  shift 58
	LITERAL  shift 59
	INSTANCEOF  shift 60
	'-'  shift 61
	'!'  shift 62
	'('  shift 63
	'['  shift 64
	VAR  shift 67
	IDENTIFIER  reduce 71

	Expr  goto 220
	LValue  goto 93
	Call  goto 94
	Receiver  goto 85
	Constant  goto 86
	ArrayConstant  goto 87


state 209
	Constants : Constant .  (116)

	.  reduce 116


state 210
	OCStmt : SCOPY '(' IDENTIFIER ',' Expr . ')'  (66)
	Receiver : Expr . '.'  (70)
	LValue : Expr . '[' Expr ']'  (73)
	Expr : Expr . DADD Expr  (79)
	Expr : Expr . DMOD Expr  (80)
	Expr : Expr . '+' Expr  (81)
	Expr : Expr . '-' Expr  (82)
	Expr : Expr . '*' Expr  (83)
	Expr : Expr . '/' Expr  (84)
	Expr : Expr . '%' Expr  (85)
	Expr : Expr . EQUAL Expr  (86)
	Expr : Expr . NOT_EQUAL Expr  (87)
	Expr : Expr . '<' Expr  (88)
	Expr : Expr . '>' Expr  (89)
	Expr : Expr . LESS_EQUAL Expr  (90)
	Expr : Expr . GREATER_EQUAL Expr  (91)
	Expr : Expr . AND Expr  (92)
	Expr : Expr . OR Expr  (93)
	Expr : Expr . '[' Expr ':' Expr ']'  (104)
	Expr : Expr . '[' Expr ']' DEFAULT Expr  (105)

	AND  shift 117
	OR  shift 118
	LESS_EQUAL  shift 119
	GREATER_EQUAL  shift 120
	EQUAL  shift 121
	NOT_EQUAL  shift 122
	'+'  shift 123
	'-'  shift 124
	'*'  shift 125
	'/'  shift 126
	'%'  shift 127
	'>'  shift 128
	'<'  shift 129
	'.'  shift 130
	')'  shift 221
	'['  shift 131
	DMOD  shift 132
	DADD  shift 133
	.  error


state 211
	ForeachStmt : FOREACH '(' BoundVariable IN Expr . whileExpr ')' AttachedStmtBlock  (54)
	Receiver : Expr . '.'  (70)
	LValue : Expr . '[' Expr ']'  (73)
	Expr : Expr . DADD Expr  (79)
	Expr : Expr . DMOD Expr  (80)
	Expr : Expr . '+' Expr  (81)
	Expr : Expr . '-' Expr  (82)
	Expr : Expr . '*' Expr  (83)
	Expr : Expr . '/' Expr  (84)
	Expr : Expr . '%' Expr  (85)
	Expr : Expr . EQUAL Expr  (86)
	Expr : Expr . NOT_EQUAL Expr  (87)
	Expr : Expr . '<' Expr  (88)
	Expr : Expr . '>' Expr  (89)
	Expr : Expr . LESS_EQUAL Expr  (90)
	Expr : Expr . GREATER_EQUAL Expr  (91)
	Expr : Expr . AND Expr  (92)
	Expr : Expr . OR Expr  (93)
	Expr : Expr . '[' Expr ':' Expr ']'  (104)
	Expr : Expr . '[' Expr ']' DEFAULT Expr  (105)
	whileExpr : .  (58)

	WHILE  shift 222
	AND  shift 117
	OR  shift 118
	LESS_EQUAL  shift 119
	GREATER_EQUAL  shift 120
	EQUAL  shift 121
	NOT_EQUAL  shift 122
	'+'  shift 123
	'-'  shift 124
	'*'  shift 125
	'/'  shift 126
	'%'  shift 127
	'>'  shift 128
	'<'  shift 129
	'.'  shift 130
	'['  shift 131
	DMOD  shift 132
	DADD  shift 133
	')'  reduce 58

	whileExpr  goto 223


state 212
	Expr : Expr '[' Expr ']' DEFAULT . Expr  (105)
	Receiver : .  (71)

	NULL  shift 48
	THIS  shift 49
	NEW  shift 55
	READ_INTEGER  shift 57
	READ_LINE  shift 58
	LITERAL  shift 59
	INSTANCEOF  shift 60
	'-'  shift 61
	'!'  shift 62
	'('  shift 63
	'['  shift 64
	VAR  shift 67
	IDENTIFIER  reduce 71

	Expr  goto 224
	LValue  goto 93
	Call  goto 94
	Receiver  goto 85
	Constant  goto 86
	ArrayConstant  goto 87


state 213
	Receiver : Expr . '.'  (70)
	LValue : Expr . '[' Expr ']'  (73)
	Expr : Expr . DADD Expr  (79)
	Expr : Expr . DMOD Expr  (80)
	Expr : Expr . '+' Expr  (81)
	Expr : Expr . '-' Expr  (82)
	Expr : Expr . '*' Expr  (83)
	Expr : Expr . '/' Expr  (84)
	Expr : Expr . '%' Expr  (85)
	Expr : Expr . EQUAL Expr  (86)
	Expr : Expr . NOT_EQUAL Expr  (87)
	Expr : Expr . '<' Expr  (88)
	Expr : Expr . '>' Expr  (89)
	Expr : Expr . LESS_EQUAL Expr  (90)
	Expr : Expr . GREATER_EQUAL Expr  (91)
	Expr : Expr . AND Expr  (92)
	Expr : Expr . OR Expr  (93)
	Expr : Expr . '[' Expr ':' Expr ']'  (104)
	Expr : Expr '[' Expr ':' Expr . ']'  (104)
	Expr : Expr . '[' Expr ']' DEFAULT Expr  (105)

	AND  shift 117
	OR  shift 118
	LESS_EQUAL  shift 119
	GREATER_EQUAL  shift 120
	EQUAL  shift 121
	NOT_EQUAL  shift 122
	'+'  shift 123
	'-'  shift 124
	'*'  shift 125
	'/'  shift 126
	'%'  shift 127
	'>'  shift 128
	'<'  shift 129
	'.'  shift 130
	'['  shift 131
	']'  shift 225
	DMOD  shift 132
	DADD  shift 133
	.  error


state 214
	Call : Receiver IDENTIFIER '(' Actuals ')' .  (75)

	.  reduce 75


state 215
	ForStmt : FOR '(' SimpleStmt ';' Expr ';' . SimpleStmt ')' Stmt  (122)
	SimpleStmt : .  (69)
	Receiver : .  (71)

	NULL  shift 48
	THIS  shift 49
	NEW  shift 55
	READ_INTEGER  shift 57
	READ_LINE  shift 58
	LITERAL  shift 59
	INSTANCEOF  shift 60
	'-'  shift 61
	'!'  shift 62
	'('  shift 63
	'['  shift 64
	VAR  shift 67
	IDENTIFIER  reduce 71
	')'  reduce 69

	SimpleStmt  goto 226
	Expr  goto 82
	LValue  goto 83
	Call  goto 84
	Receiver  goto 85
	Constant  goto 86
	ArrayConstant  goto 87


state 216
	ElseClause : ELSE . Stmt  (125)
	SimpleStmt : .  (69)
	Receiver : .  (71)

	VOID  shift 14
	BOOL  shift 15
	INT  shift 16
	STRING  shift 17
	CLASS  shift 18
	NULL  shift 48
	THIS  shift 49
	WHILE  shift 50
	FOR  shift 51
	IF  shift 52
	RETURN  shift 53
	BREAK  shift 54
	NEW  shift 55
	PRINT  shift 56
	READ_INTEGER  shift 57
	READ_LINE  shift 58
	LITERAL  shift 59
	INSTANCEOF  shift 60
	'-'  shift 61
	'!'  shift 62
	'('  shift 63
	'['  shift 64
	'{'  shift 43
	SCOPY  shift 66
	VAR  shift 67
	FOREACH  shift 68
	IDENTIFIER  reduce 71
	';'  reduce 69

	VariableDef  goto 69
	Variable  goto 22
	Type  goto 35
	StmtBlock  goto 70
	Stmt  goto 227
	SimpleStmt  goto 72
	IfStmt  goto 73
	WhileStmt  goto 74
	ForStmt  goto 75
	ReturnStmt  goto 76
	PrintStmt  goto 77
	BreakStmt  goto 78
	OCStmt  goto 79
	GuardedStmt  goto 80
	ForeachStmt  goto 81
	Expr  goto 82
	LValue  goto 83
	Call  goto 84
	Receiver  goto 85
	Constant  goto 86
	ArrayConstant  goto 87


state 217
	IfStmt : IF '(' Expr ')' Stmt ElseClause .  (124)

	.  reduce 124


state 218
	IfSubStmt : Expr ':' Stmt .  (65)

	.  reduce 65


state 219
	Expr : INSTANCEOF '(' Expr ',' IDENTIFIER ')' .  (102)

	.  reduce 102


state 220
	Receiver : Expr . '.'  (70)
	LValue : Expr . '[' Expr ']'  (73)
	Expr : Expr . DADD Expr  (79)
	Expr : Expr . DMOD Expr  (80)
	Expr : Expr . '+' Expr  (81)
	Expr : Expr . '-' Expr  (82)
	Expr : Expr . '*' Expr  (83)
	Expr : Expr . '/' Expr  (84)
	Expr : Expr . '%' Expr  (85)
	Expr : Expr . EQUAL Expr  (86)
	Expr : Expr . NOT_EQUAL Expr  (87)
	Expr : Expr . '<' Expr  (88)
	Expr : Expr . '>' Expr  (89)
	Expr : Expr . LESS_EQUAL Expr  (90)
	Expr : Expr . GREATER_EQUAL Expr  (91)
	Expr : Expr . AND Expr  (92)
	Expr : Expr . OR Expr  (93)
	Expr : Expr . '[' Expr ':' Expr ']'  (104)
	Expr : Expr . '[' Expr ']' DEFAULT Expr  (105)
	Expr : '[' Expr FOR IDENTIFIER IN Expr . IfExpr ']'  (106)
	$$1 : .  (108)

	IF  shift 228
	AND  shift 117
	OR  shift 118
	LESS_EQUAL  shift 119
	GREATER_EQUAL  shift 120
	EQUAL  shift 121
	NOT_EQUAL  shift 122
	'+'  shift 123
	'-'  shift 124
	'*'  shift 125
	'/'  shift 126
	'%'  shift 127
	'>'  shift 128
	'<'  shift 129
	'.'  shift 130
	'['  shift 131
	DMOD  shift 132
	DADD  shift 133
	']'  reduce 108

	IfExpr  goto 229
	$$1  goto 230


state 221
	OCStmt : SCOPY '(' IDENTIFIER ',' Expr ')' .  (66)

	.  reduce 66


state 222
	whileExpr : WHILE . Expr  (57)
	Receiver : .  (71)

	NULL  shift 48
	THIS  shift 49
	NEW  shift 55
	READ_INTEGER  shift 57
	READ_LINE  shift 58
	LITERAL  shift 59
	INSTANCEOF  shift 60
	'-'  shift 61
	'!'  shift 62
	'('  shift 63
	'['  shift 64
	VAR  shift 67
	IDENTIFIER  reduce 71

	Expr  goto 231
	LValue  goto 93
	Call  goto 94
	Receiver  goto 85
	Constant  goto 86
	ArrayConstant  goto 87


state 223
	ForeachStmt : FOREACH '(' BoundVariable IN Expr whileExpr . ')' AttachedStmtBlock  (54)

	')'  shift 232
	.  error


state 224
	Receiver : Expr . '.'  (70)
	LValue : Expr . '[' Expr ']'  (73)
	Expr : Expr . DADD Expr  (79)
	Expr : Expr . DMOD Expr  (80)
	Expr : Expr . '+' Expr  (81)
	Expr : Expr . '-' Expr  (82)
	Expr : Expr . '*' Expr  (83)
	Expr : Expr . '/' Expr  (84)
	Expr : Expr . '%' Expr  (85)
	Expr : Expr . EQUAL Expr  (86)
	Expr : Expr . NOT_EQUAL Expr  (87)
	Expr : Expr . '<' Expr  (88)
	Expr : Expr . '>' Expr  (89)
	Expr : Expr . LESS_EQUAL Expr  (90)
	Expr : Expr . GREATER_EQUAL Expr  (91)
	Expr : Expr . AND Expr  (92)
	Expr : Expr . OR Expr  (93)
	Expr : Expr . '[' Expr ':' Expr ']'  (104)
	Expr : Expr . '[' Expr ']' DEFAULT Expr  (105)
	Expr : Expr '[' Expr ']' DEFAULT Expr .  (105)

	'.'  shift 130
	'['  shift 131
	WHILE  reduce 105
	FOR  reduce 105
	IF  reduce 105
	AND  reduce 105
	OR  reduce 105
	LESS_EQUAL  reduce 105
	GREATER_EQUAL  reduce 105
	EQUAL  reduce 105
	NOT_EQUAL  reduce 105
	'+'  reduce 105
	'-'  reduce 105
	'*'  reduce 105
	'/'  reduce 105
	'%'  reduce 105
	'>'  reduce 105
	'<'  reduce 105
	','  reduce 105
	';'  reduce 105
	')'  reduce 105
	']'  reduce 105
	':'  reduce 105
	DMOD  reduce 105
	DADD  reduce 105


state 225
	Expr : Expr '[' Expr ':' Expr ']' .  (104)

	.  reduce 104


state 226
	ForStmt : FOR '(' SimpleStmt ';' Expr ';' SimpleStmt . ')' Stmt  (122)

	')'  shift 233
	.  error


state 227
	ElseClause : ELSE Stmt .  (125)

	.  reduce 125


state 228
	IfExpr : IF . Expr  (107)
	Receiver : .  (71)

	NULL  shift 48
	THIS  shift 49
	NEW  shift 55
	READ_INTEGER  shift 57
	READ_LINE  shift 58
	LITERAL  shift 59
	INSTANCEOF  shift 60
	'-'  shift 61
	'!'  shift 62
	'('  shift 63
	'['  shift 64
	VAR  shift 67
	IDENTIFIER  reduce 71

	Expr  goto 234
	LValue  goto 93
	Call  goto 94
	Receiver  goto 85
	Constant  goto 86
	ArrayConstant  goto 87


state 229
	Expr : '[' Expr FOR IDENTIFIER IN Expr IfExpr . ']'  (106)

	']'  shift 235
	.  error


state 230
	IfExpr : $$1 .  (109)

	.  reduce 109


state 231
	whileExpr : WHILE Expr .  (57)
	Receiver : Expr . '.'  (70)
	LValue : Expr . '[' Expr ']'  (73)
	Expr : Expr . DADD Expr  (79)
	Expr : Expr . DMOD Expr  (80)
	Expr : Expr . '+' Expr  (81)
	Expr : Expr . '-' Expr  (82)
	Expr : Expr . '*' Expr  (83)
	Expr : Expr . '/' Expr  (84)
	Expr : Expr . '%' Expr  (85)
	Expr : Expr . EQUAL Expr  (86)
	Expr : Expr . NOT_EQUAL Expr  (87)
	Expr : Expr . '<' Expr  (88)
	Expr : Expr . '>' Expr  (89)
	Expr : Expr . LESS_EQUAL Expr  (90)
	Expr : Expr . GREATER_EQUAL Expr  (91)
	Expr : Expr . AND Expr  (92)
	Expr : Expr . OR Expr  (93)
	Expr : Expr . '[' Expr ':' Expr ']'  (104)
	Expr : Expr . '[' Expr ']' DEFAULT Expr  (105)

	AND  shift 117
	OR  shift 118
	LESS_EQUAL  shift 119
	GREATER_EQUAL  shift 120
	EQUAL  shift 121
	NOT_EQUAL  shift 122
	'+'  shift 123
	'-'  shift 124
	'*'  shift 125
	'/'  shift 126
	'%'  shift 127
	'>'  shift 128
	'<'  shift 129
	'.'  shift 130
	'['  shift 131
	DMOD  shift 132
	DADD  shift 133
	')'  reduce 57


state 232
	ForeachStmt : FOREACH '(' BoundVariable IN Expr whileExpr ')' . AttachedStmtBlock  (54)
	SimpleStmt : .  (69)
	Receiver : .  (71)

	VOID  shift 14
	BOOL  shift 15
	INT  shift 16
	STRING  shift 17
	CLASS  shift 18
	NULL  shift 48
	THIS  shift 49
	WHILE  shift 50
	FOR  shift 51
	IF  shift 52
	RETURN  shift 53
	BREAK  shift 54
	NEW  shift 55
	PRINT  shift 56
	READ_INTEGER  shift 57
	READ_LINE  shift 58
	LITERAL  shift 59
	INSTANCEOF  shift 60
	'-'  shift 61
	'!'  shift 62
	'('  shift 63
	'['  shift 64
	'{'  shift 236
	SCOPY  shift 66
	VAR  shift 67
	FOREACH  shift 68
	IDENTIFIER  reduce 71
	';'  reduce 69

	VariableDef  goto 237
	Variable  goto 22
	Type  goto 35
	SimpleStmt  goto 238
	IfStmt  goto 239
	WhileStmt  goto 240
	ForStmt  goto 241
	ReturnStmt  goto 242
	PrintStmt  goto 243
	BreakStmt  goto 244
	OCStmt  goto 245
	GuardedStmt  goto 246
	ForeachStmt  goto 247
	AttachedStmt  goto 248
	AttachedStmtBlock  goto 249
	Expr  goto 82
	LValue  goto 83
	Call  goto 84
	Receiver  goto 85
	Constant  goto 86
	ArrayConstant  goto 87


state 233
	ForStmt : FOR '(' SimpleStmt ';' Expr ';' SimpleStmt ')' . Stmt  (122)
	SimpleStmt : .  (69)
	Receiver : .  (71)

	VOID  shift 14
	BOOL  shift 15
	INT  shift 16
	STRING  shift 17
	CLASS  shift 18
	NULL  shift 48
	THIS  shift 49
	WHILE  shift 50
	FOR  shift 51
	IF  shift 52
	RETURN  shift 53
	BREAK  shift 54
	NEW  shift 55
	PRINT  shift 56
	READ_INTEGER  shift 57
	READ_LINE  shift 58
	LITERAL  shift 59
	INSTANCEOF  shift 60
	'-'  shift 61
	'!'  shift 62
	'('  shift 63
	'['  shift 64
	'{'  shift 43
	SCOPY  shift 66
	VAR  shift 67
	FOREACH  shift 68
	IDENTIFIER  reduce 71
	';'  reduce 69

	VariableDef  goto 69
	Variable  goto 22
	Type  goto 35
	StmtBlock  goto 70
	Stmt  goto 250
	SimpleStmt  goto 72
	IfStmt  goto 73
	WhileStmt  goto 74
	ForStmt  goto 75
	ReturnStmt  goto 76
	PrintStmt  goto 77
	BreakStmt  goto 78
	OCStmt  goto 79
	GuardedStmt  goto 80
	ForeachStmt  goto 81
	Expr  goto 82
	LValue  goto 83
	Call  goto 84
	Receiver  goto 85
	Constant  goto 86
	ArrayConstant  goto 87


state 234
	Receiver : Expr . '.'  (70)
	LValue : Expr . '[' Expr ']'  (73)
	Expr : Expr . DADD Expr  (79)
	Expr : Expr . DMOD Expr  (80)
	Expr : Expr . '+' Expr  (81)
	Expr : Expr . '-' Expr  (82)
	Expr : Expr . '*' Expr  (83)
	Expr : Expr . '/' Expr  (84)
	Expr : Expr . '%' Expr  (85)
	Expr : Expr . EQUAL Expr  (86)
	Expr : Expr . NOT_EQUAL Expr  (87)
	Expr : Expr . '<' Expr  (88)
	Expr : Expr . '>' Expr  (89)
	Expr : Expr . LESS_EQUAL Expr  (90)
	Expr : Expr . GREATER_EQUAL Expr  (91)
	Expr : Expr . AND Expr  (92)
	Expr : Expr . OR Expr  (93)
	Expr : Expr . '[' Expr ':' Expr ']'  (104)
	Expr : Expr . '[' Expr ']' DEFAULT Expr  (105)
	IfExpr : IF Expr .  (107)

	AND  shift 117
	OR  shift 118
	LESS_EQUAL  shift 119
	GREATER_EQUAL  shift 120
	EQUAL  shift 121
	NOT_EQUAL  shift 122
	'+'  shift 123
	'-'  shift 124
	'*'  shift 125
	'/'  shift 126
	'%'  shift 127
	'>'  shift 128
	'<'  shift 129
	'.'  shift 130
	'['  shift 131
	DMOD  shift 132
	DADD  shift 133
	']'  reduce 107


state 235
	Expr : '[' Expr FOR IDENTIFIER IN Expr IfExpr ']' .  (106)

	.  reduce 106


state 236
	AttachedStmtBlock : '{' . StmtList '}'  (52)
	StmtList : .  (28)

	.  reduce 28

	StmtList  goto 251


state 237
	AttachedStmt : VariableDef .  (41)

	.  reduce 41


state 238
	AttachedStmt : SimpleStmt . ';'  (42)

	';'  shift 252
	.  error


state 239
	AttachedStmt : IfStmt .  (43)

	.  reduce 43


state 240
	AttachedStmt : WhileStmt .  (44)

	.  reduce 44


state 241
	AttachedStmt : ForStmt .  (45)

	.  reduce 45


state 242
	AttachedStmt : ReturnStmt . ';'  (46)

	';'  shift 253
	.  error


state 243
	AttachedStmt : PrintStmt . ';'  (47)

	';'  shift 254
	.  error


state 244
	AttachedStmt : BreakStmt . ';'  (48)

	';'  shift 255
	.  error


state 245
	AttachedStmt : OCStmt . ';'  (49)

	';'  shift 256
	.  error


state 246
	AttachedStmt : GuardedStmt .  (50)

	.  reduce 50


state 247
	AttachedStmt : ForeachStmt .  (51)

	.  reduce 51


state 248
	AttachedStmtBlock : AttachedStmt .  (53)

	.  reduce 53


state 249
	ForeachStmt : FOREACH '(' BoundVariable IN Expr whileExpr ')' AttachedStmtBlock .  (54)

	.  reduce 54


state 250
	ForStmt : FOR '(' SimpleStmt ';' Expr ';' SimpleStmt ')' Stmt .  (122)

	.  reduce 122


state 251
	StmtList : StmtList . Stmt  (27)
	AttachedStmtBlock : '{' StmtList . '}'  (52)
	SimpleStmt : .  (69)
	Receiver : .  (71)

	VOID  shift 14
	BOOL  shift 15
	INT  shift 16
	STRING  shift 17
	CLASS  shift 18
	NULL  shift 48
	THIS  shift 49
	WHILE  shift 50
	FOR  shift 51
	IF  shift 52
	RETURN  shift 53
	BREAK  shift 54
	NEW  shift 55
	PRINT  shift 56
	READ_INTEGER  shift 57
	READ_LINE  shift 58
	LITERAL  shift 59
	INSTANCEOF  shift 60
	'-'  shift 61
	'!'  shift 62
	'('  shift 63
	'['  shift 64
	'{'  shift 43
	'}'  shift 257
	SCOPY  shift 66
	VAR  shift 67
	FOREACH  shift 68
	IDENTIFIER  reduce 71
	';'  reduce 69

	VariableDef  goto 69
	Variable  goto 22
	Type  goto 35
	StmtBlock  goto 70
	Stmt  goto 71
	SimpleStmt  goto 72
	IfStmt  goto 73
	WhileStmt  goto 74
	ForStmt  goto 75
	ReturnStmt  goto 76
	PrintStmt  goto 77
	BreakStmt  goto 78
	OCStmt  goto 79
	GuardedStmt  goto 80
	ForeachStmt  goto 81
	Expr  goto 82
	LValue  goto 83
	Call  goto 84
	Receiver  goto 85
	Constant  goto 86
	ArrayConstant  goto 87


state 252
	AttachedStmt : SimpleStmt ';' .  (42)

	.  reduce 42


state 253
	AttachedStmt : ReturnStmt ';' .  (46)

	.  reduce 46


state 254
	AttachedStmt : PrintStmt ';' .  (47)

	.  reduce 47


state 255
	AttachedStmt : BreakStmt ';' .  (48)

	.  reduce 48


state 256
	AttachedStmt : OCStmt ';' .  (49)

	.  reduce 49


state 257
	AttachedStmtBlock : '{' StmtList '}' .  (52)

	.  reduce 52


62 terminals, 46 nonterminals
130 grammar rules, 258 states
